1643478044 QmTiAT6a6nBZ95BLH8chPhG49U6VKAB2UL4jqvxszrCnAM -1 smart-contract.md
1643478285 QmTiAT6a6nBZ95BLH8chPhG49U6VKAB2UL4jqvxszrCnAM -1 smart-contract.md
1643478336 QmTiAT6a6nBZ95BLH8chPhG49U6VKAB2UL4jqvxszrCnAM -1 smart-contract.md
1643480205 QmdQh5cibtdfDpXCMUC4Hq4KQLfcFh7murq2cg9jWHqyS3 -1 Morning/Mn./M100.md
1643480205 QmaNkuDDvi5kR8DGA6ozenS29J5pwPu6kiTh7Tpdb4C3fR -1 Morning/Mn./M106.md
1643480205 QmbaGZUGCEwJFzRBjDjtSjM9d9Xh2k8nVu15tDcx93Gasg -1 Morning/Mn./M112.md
1643480205 QmbaGZUGCEwJFzRBjDjtSjM9d9Xh2k8nVu15tDcx93Gasg -1 Morning/Mn./M113.md
1643480205 QmZcyXQ2iCJqHaQ1b6kEDYBL2tyN6TCA8eyACaqY27VuDK -1 Morning/Mn./M114.md
1643480205 QmVP2pRde3FxxdvYJoFme5sLTWaF4jd2diUVkn8hZ34jLA -1 Morning/MorningClarity.html
1643480205 QmXmuSWSe5TBpqGHmz4LSyKQViUvCp2kQyuRJMfh68Qp7h -1 Morning/MorningClarity.md
1643480205 QmP2zjgeP6HXrhDpnxt1o4QZu15TncJ946YsG7mYmjxsTU -1 Morning/MorningClarity.md~1
1643480206 QmZqr95gzfbqsRroHFfG3KCVNYPszmv2hzQozLXw6GQCRi -1 Morning/_bin/kwextract.pl
1643480206 QmRMCEHmZx2BAapJoe3R6mxYuGbetEvyGHyZxTFHqugdiv -1 Morning/_ipfs/QmRMCEHmZx2BAapJoe3R6mxYuGbetEvyGHyZxTFHqugdiv
1643480206 QmdQh5cibtdfDpXCMUC4Hq4KQLfcFh7murq2cg9jWHqyS3 -1 Morning/_ipfs/QmXpnr7sNz7qTkVyYnJmD5R6ddW6Qgwphca6nXmPNnsHKf/MorningClarity.md
1643480206 QmSt9qGyCXku5ASgtNparL77sA8aezGyxwygBcnFaXoejA -1 Morning/_tmpl/MorningClarity.mdt
1643480206 QmQCFvf6zAZDRd4YQ5SDZ9dtxq9xCvBtUnCL967SU94rxd -1 Morning/code5.md
1643480206 QmW6EV62H6zSycpBdUh7Q6bY3UMdiPisjVExm5jmquXoqX -1 Morning/effect.js
1643480206 QmXmWXCuPpKb2XkX9W5QmymxvjJYQXHVMgFxHsozDeiU2M -1 Morning/layout.htm
1643480206 QmdvxsUaaP8jBHDA2ZWQQmbSaN9uzkrHpv65M3NGfBKtjE -1 Morning/morning.sh
1643480207 QmXqzCuMrkumqNDXp11gqbAb9zc8HjGuLqzSRKhgkueCdQ -1 Morning/qm.log
1643480207 QmVF8E454AoCvzVyP1fJSXYNEAcE9Pm3dSEXCfALThKd8E -1 Morning/style.css
1643480207 QmdbXYDgqRVNzS17d4N3ncjtg4aph9awLzyURLLPzYN6sK -1 Morning/thmb.jpg
1643480209 QmTZdQkX625Ut8VawcuRGbXPkbM3MNypBKgur9vEHqnPob -1 Morning/Mn.
1643480209 QmNoZ1sqv9biu5DbUALN3PZMP1Y8Ch7mPpGT8BRjLqir4F -1 Morning/_bin
1643480209 QmXpnr7sNz7qTkVyYnJmD5R6ddW6Qgwphca6nXmPNnsHKf -1 Morning/_ipfs/QmXpnr7sNz7qTkVyYnJmD5R6ddW6Qgwphca6nXmPNnsHKf
1643480209 QmUNLLsPACCz1vLxQVkXqqLX5R1X345qqfHbsf67hvA3Nn -1 Morning/_ipfs/ZeWQQJYZ8pF
1643480209 QmYM1tZqtjgbzg8HSeeCApREQUrw4Z6qHjSASYRfz7KTUf -1 Morning/_ipfs
1643480209 QmYbPhfpKD8pKXLUGCaSzLqhiaJmkUp22SHEE9DsghiPyK -1 Morning/_tmpl
1643480209 QmZFo3ExTPAfMGSqPcARqaRAswGMf1gjJepC1tV8fUEQs5 -1 Morning
1643480707 QmdQh5cibtdfDpXCMUC4Hq4KQLfcFh7murq2cg9jWHqyS3 -1 Morning/Mn./M100.md
1643480707 QmaNkuDDvi5kR8DGA6ozenS29J5pwPu6kiTh7Tpdb4C3fR -1 Morning/Mn./M106.md
1643480707 QmbaGZUGCEwJFzRBjDjtSjM9d9Xh2k8nVu15tDcx93Gasg -1 Morning/Mn./M112.md
1643480707 QmbaGZUGCEwJFzRBjDjtSjM9d9Xh2k8nVu15tDcx93Gasg -1 Morning/Mn./M113.md
1643480707 QmZcyXQ2iCJqHaQ1b6kEDYBL2tyN6TCA8eyACaqY27VuDK -1 Morning/Mn./M114.md
1643480707 QmVP2pRde3FxxdvYJoFme5sLTWaF4jd2diUVkn8hZ34jLA -1 Morning/MorningClarity.html
1643480707 QmXmuSWSe5TBpqGHmz4LSyKQViUvCp2kQyuRJMfh68Qp7h -1 Morning/MorningClarity.md
1643480707 QmP2zjgeP6HXrhDpnxt1o4QZu15TncJ946YsG7mYmjxsTU -1 Morning/MorningClarity.md~1
1643480707 QmZqr95gzfbqsRroHFfG3KCVNYPszmv2hzQozLXw6GQCRi -1 Morning/_bin/kwextract.pl
1643480707 QmRMCEHmZx2BAapJoe3R6mxYuGbetEvyGHyZxTFHqugdiv -1 Morning/_ipfs/QmRMCEHmZx2BAapJoe3R6mxYuGbetEvyGHyZxTFHqugdiv
1643480707 QmdQh5cibtdfDpXCMUC4Hq4KQLfcFh7murq2cg9jWHqyS3 -1 Morning/_ipfs/QmXpnr7sNz7qTkVyYnJmD5R6ddW6Qgwphca6nXmPNnsHKf/MorningClarity.md
1643480707 QmSt9qGyCXku5ASgtNparL77sA8aezGyxwygBcnFaXoejA -1 Morning/_tmpl/MorningClarity.mdt
1643480707 QmQCFvf6zAZDRd4YQ5SDZ9dtxq9xCvBtUnCL967SU94rxd -1 Morning/code5.md
1643480707 QmW6EV62H6zSycpBdUh7Q6bY3UMdiPisjVExm5jmquXoqX -1 Morning/effect.js
1643480707 QmXmWXCuPpKb2XkX9W5QmymxvjJYQXHVMgFxHsozDeiU2M -1 Morning/layout.htm
1643480707 QmdvxsUaaP8jBHDA2ZWQQmbSaN9uzkrHpv65M3NGfBKtjE -1 Morning/morning.sh
1643480707 QmXqzCuMrkumqNDXp11gqbAb9zc8HjGuLqzSRKhgkueCdQ -1 Morning/qm.log
1643480707 QmVF8E454AoCvzVyP1fJSXYNEAcE9Pm3dSEXCfALThKd8E -1 Morning/style.css
1643480707 QmdbXYDgqRVNzS17d4N3ncjtg4aph9awLzyURLLPzYN6sK -1 Morning/thmb.jpg
1643480707 QmTZdQkX625Ut8VawcuRGbXPkbM3MNypBKgur9vEHqnPob -1 Morning/Mn.
1643480707 QmNoZ1sqv9biu5DbUALN3PZMP1Y8Ch7mPpGT8BRjLqir4F -1 Morning/_bin
1643480707 QmXpnr7sNz7qTkVyYnJmD5R6ddW6Qgwphca6nXmPNnsHKf -1 Morning/_ipfs/QmXpnr7sNz7qTkVyYnJmD5R6ddW6Qgwphca6nXmPNnsHKf
1643480707 QmUNLLsPACCz1vLxQVkXqqLX5R1X345qqfHbsf67hvA3Nn -1 Morning/_ipfs/ZeWQQJYZ8pF
1643480707 QmYM1tZqtjgbzg8HSeeCApREQUrw4Z6qHjSASYRfz7KTUf -1 Morning/_ipfs
1643480707 QmYbPhfpKD8pKXLUGCaSzLqhiaJmkUp22SHEE9DsghiPyK -1 Morning/_tmpl
1643480707 QmZFo3ExTPAfMGSqPcARqaRAswGMf1gjJepC1tV8fUEQs5 -1 Morning
1643481396 QmPczRZeFEuNSp6A8y5LMmUTFJLSenKxJgzDG9tBPksKhr -1 articles/%myquotes.md
1643481397 QmR92Dp6CyMHCnWnUv7oYS6mHYxByrRVKymDqqQDSCWDmf -1 articles/404.md
1643481397 QmXzFQXSAtGnybAUxXUDNgdtRKPTDg9RKXWj9TLpjAYVw8 -1 articles/40Hz.md
1643481397 QmZyTHyKVBbcSjN6hkn5qBtWrVHNyPj9ibZY9aQugCzmnN -1 articles/7Rs-of-DrIT.md
1643481397 QmNv7Uk5RtMF6CMWJSzpLaJkURivZnjwJh9wLn3HtHBPon -1 articles/Anonymous.md
1643481397 QmahqZjmNnwu5qZR3HgMwBbSeEZwxUtSv7XpDYvucXisSm -1 articles/ArtCode.md
1643481397 QmNsDUZ3xUQdk2zkWKPodWwY7DAEs43x7oj9TgkA7Dewr1 -1 articles/CAS.md
1643481397 Qmf5gwTj7P6e8zSY7Bv7UBrehpHhPBhP1PtYHK11daQvCz -1 articles/CDN.md
1643481397 QmXJW6CsTZBxUF4vpKhcuZAti9qgMyuVCFPar2msNjCEE9 -1 articles/DNA.md
1643481398 QmYGeK7by3eidf3A6TV88ot59Qeduw3uSTynzqdHVKYeY6 -1 articles/DecentralizeLinks.md
1643481398 QmTYnCtF87pU3y6vfzjJS2YX8EC7nDk1sFr2WpBGuiZnU7 -1 articles/DigitalWealth.md
1643481398 QmPJpU5Tqae54HLGY15VMEztaFqi5RVBFgzGwPhiBsEZP4 -1 articles/FUNFACTS.md
1643481398 QmTimJ11XnqVKEq96oRHdiuEoQqTxzWzX6RtpDyjUSmjzm -1 articles/Future-Open-Sci.md
1643481398 QmXKgsTSGaCqtqES7uKwopvP7QeNCLNSWUbyjHhcDHBSsm -1 articles/GOCHEATSHEET.md
1643481398 QmQd1fP7uwL1ZfrBhRzSe3UJxKWoTbcAmviezUyJCD9BDM -1 articles/GamingLife.md
1643481398 QmRX4ZD9Er2n3ZJVcB1cVYBLxGo3ZL8se6XtE4zu2S2fJB -1 articles/GoLang.md
1643481398 QmULdNBDwfCvJbXUcnC7sxYTHtmdPoA5HrE8bdTENeybEb -1 articles/Gravatar.md
1643481399 QmNvgLBMqY6TzAqUsfHaqA5892ZRs4SrvTDEGaabyXDejG -1 articles/Home.md
1643481399 QmUn8Hg3hCbAbPkeDGQCmTCbNVfDNV8ubPheKs1Vazuoj3 -1 articles/HuRing.md
1643481399 QmZ6see8f93u6TZ9KNNJVCMYfKAp9eYS3JeprY9YVZcktF -1 articles/Hypes.md
1643481399 QmTQQHaRKtwB68BYGk3KRgkQB7XjPTURWETx2cVPse7gxH -1 articles/IBE.md
1643481399 QmenU6JnB8iB51QerqrsJ122yQHiZtFdEyKrrzdWTPvq7R -1 articles/IPFS.md
1643481400 Qmd4WJtA3TH8Cv5fsvY1wjS7555vgBt95y9LjAaXyfRQgn -1 articles/IPFSboot.md
1643481400 QmZM3vM3ovv9sQtwpZPdXwiDjY6kPTYegQLLYYW3Hx6XBY -1 articles/IPFSeco.md
1643481400 QmSn8qnnZ1fNpgPS93WGw6uPsQSC1sCux8QikwYoktppQv -1 articles/IRFO/the-3C.md
1643481400 QmbFMke1KXqnYyBBWxB74N4c5SBnJMVAiMNRcGu6x1AwQH -1 articles/IRFO/the-3C.md~1
1643481400 QmNfy9Efk3mLCNGVNz1a3aVPofM5tifpiCQpENoo5M9y5x -1 articles/IRP.md
1643481401 QmVuhNwGEBwX5TvmeDDdW3qLUvoumJeLptvoV85yscAnXr -1 articles/IloveU-b12.md
1643481401 QmTSXoKhS9WYN8Qf8RcUFfindxXxad66r8Qt7MxYB6Wwjc -1 articles/Ledgers.md
1643481401 QmaGXi9KojhyYtj6Qq1Xv2kYXogPCgt36Wp2eNoSe8cbWW -1 articles/LinkText.md
1643481401 QmYu3mdcvVPqFFKnPqtxHooMXQnQudseaB7JGRMCJF9hKD -1 articles/ListofPads.md
1643481401 QmNhsCrjsHFfRDzrXyWN1ocgQXWKNAZdz1821N7XHeM6Hg -1 articles/MEMEs.md
1643481402 QmVgnFGzfMEBZ11erqLRqozcCMLbxWGsWovS11XLmfQEJ9 -1 articles/MorningClarity.md
1643481402 QmRDsVqV2drSNZ9qV7u2YCZMhgQWjgA4peXNyHDefZChBh -1 articles/NFTs.md
1643481402 QmTTeWdqitANygCfMxA4gSE9cVhpx4kNZoy6XmdXPNNEAk -1 articles/NeatTech.md
1643481402 QmWBVe1mtueCjJqJincpiezVuqkRYQWPUVAbfJivGdocMr -1 articles/NeatTech.md~1
1643481403 Qmd7qCnDpZREVMycWPXDe8AmTSXvF888yfp7NGmbMNwf1B -1 articles/NoFrameWork.md
1643481403 QmVzFzH4dGpj1FV51GLRCEwZGspZ54ydE8LDTfF5vRZoSn -1 articles/NoSnap.md
1643481403 QmQbo6khf2HSbHLQEM6q7eDfYyvd7jzkpPuo1QZJAad1N7 -1 articles/OOOB.md
1643481403 QmdBrUbbGaYqhV5fnu7n4es8N6jH7RSpdjYy9d5PmuVu2W -1 articles/OTR.md
1643481403 QmZA8gZzsRemj7rGVpoZJGVYLLvzm5b82fhbzfBqBXSCZ6 -1 articles/OpenID.md
1643481404 Qmd9be4z7auidjacbJGjKeDXyKCSXxNDQxvYdoF5rePxC7 -1 articles/P2PCI-org.md
1643481404 QmbmyMD8N7pAnCqRSUuXJwcDSrUKHoGjtn2FoBnxitZ62y -1 articles/PBWorks.md
1643481404 QmeQtK5zBGFiVma8baPYMFu4X2SnBMC3739fLxoucT5HcU -1 articles/PR.md
1643481405 QmcHfaKby7c9bLtLzp4gCKbimnAADAnjAbm8GfYrNmQtme -1 articles/PaperKeys.md
1643481405 QmVBkePNQ8DqDcPA8sF2GUJFCiCfv9gtZqx93DUvzVdv1X -1 articles/PerlOO.md
1643481405 QmQbodt1iYku8r8fSSP711mjN7pieA4D6JYrjWtSWJfEwA -1 articles/PoSig.md
1643481405 QmW6bA4GVevEKbJxJ65qQXYD79WNxTunt1tjNDXwGUVLVV -1 articles/PoWit.md
1643481406 QmWWP9gngWFmkE2cG7uj5NKNwgjNmCiVRJN7adyvbmZV3B -1 articles/ProofOfBurn.md
1643481406 QmWkncKxXLDXvTHBYdqF2wSy9yN3zZj5tg6sY9NhcJnTF5 -1 articles/Qcomp.md
1643481408 QmazdPxNvAh4RXkAySpPGRhYqL64tu7sbLpgovWyy4LrXw -1 articles/READMEs.lof
1643481408 QmQzAD5xCmXGHwiQj3Yh7wrPrgC56vTKnaCjqnrPNczeHL -1 articles/SDR.md
1643481408 QmR1NvgGJqwPsc3RZ97nEVb95mdmMJiiqjPj4k3ZD78nkb -1 articles/SUMMARY.md
1643481408 QmZjazdtY33E7jShWubyT6MsRhqvaNgPpyzFkQiLhhuozX -1 articles/Scratchpad.md
1643481408 QmZGuAamzNtrimEtAxgoPHTy2u8RBm36pJC8xCgLWL33M6 -1 articles/SoulEvo.md
1643481408 QmQ8nLWRzTN2qVBiEkkzQT7CsUGvPS5bwsKaWRJfzSZuq6 -1 articles/SysAdmin.md
1643481408 QmdJvReGzJmsNu7kRYFAgvYUZuEtfeswJEDKpDLAW3UefK -1 articles/Tasks.md
1643481409 QmNjkbFdbQt3dShno1fkWLhmz73PjPcA4YtQdegSauRGGy -1 articles/TheBrain.md
1643481409 QmSYiNdVYGj5ubE7v1WZacMDxNKHitA3RT3RyEce9qFH38 -1 articles/ThisWeekAdmin.md
1643481409 QmV6i9Eo4o8pRWkDNL2iGptT1i81vHDtSePuN6NKnopdgd -1 articles/TinyCore.md
1643481409 QmWqnX4gz2ZDp8bRvZfxirBj4nbyAzFqVPCK6pLZMAXWng -1 articles/ToK.md
1643481409 QmYoSQPGpWCySTKECafmxHBWHMFV6kfBXXYggBBRYv6UGn -1 articles/UML.md
1643481409 Qmc2BoUoAS83p99HrrF3e5tNXumqzzzbxFmk28yNAUoxh1 -1 articles/URLs.md
1643481409 QmZwLGjXtteikk7vzXNtBVbTGbvtYxEUPuHfcuw7vL62jK -1 articles/URNscheme.md
1643481410 QmUehjH7NPX7Ewn39gHAkmWpapWCPrGwqEBdAE5VhuNyct -1 articles/Watch-List.md
1643481410 Qmc9Fi4c6E5vm4UGjKh5vK6FCTFptkW6MMj6UquFY5JV42 -1 articles/WikiLinks.md
1643481410 QmQrErQH1DsXi6QDWqBzY4EUqnjTe6Q7RHxBAVVaREpdBS -1 articles/WikiPage.md
1643481410 Qmbg9Q8hv7CvcA7PpYFH5xgP27vkDw6MQbhx6bcEwdyGCG -1 articles/ZKCaptcha.md
1643481410 QmWN1GmiRQvRjFSLN1ho9ZNxdBngqSGQZAAbGhZoBvXctx -1 articles/access.md
1643481411 QmXfgnYasS2QCdfFN8f3x9VUExerm6YuJGF3f9oDa4ttox -1 articles/admin.md
1643481411 QmTocW3TW2My8jpzwFHjkNWuVn1gt3hLr96NjCBL3rk3dn -1 articles/after-covid19.md
1643481411 QmXrA4Ky8gjECzkK2en28GeidC5tq1qhU1mh3KVzJSfj6w -1 articles/akashic.md
1643481411 QmQAffGZErVMdZGujHM8LbkTuCSFba4orfgS2tdF7acMNx -1 articles/algorithm.md
1643481412 QmURdSa85C3oAZddGDpEQs8FdtmNiZXN87UCF1iGVCRG3Y -1 articles/allsites.md
1643481412 QmfUMLo4eMR4VYX13ikExkxZhGVcQgvhCavLQRfcB6SmPR -1 articles/angel-coins.md
1643481412 QmRY1Q4xbMPdUTRw927qbWk6BPTNQ5CkDcypjUw913zVYQ -1 articles/anonymity.md
1643481412 QmWNZ37zV7hAEw2e9F8wZuC7e6tvCinaqzwL8hEvg2JRJD -1 articles/applications.md
1643481412 QmRr1SrtEh1xXxbTUT8762tvyeMuGxwHzmznfjcAqThD3h -1 articles/askpass.md
1643481413 QmScKrBkxj6URejM2DuFJjm96SriukpatVWhwDhCYP6cvr -1 articles/automation.md
1643481413 QmQBBo3Nd5mNvLMhcD1uoDFhqDK8g5LmzfKFsEV4McJoau -1 articles/backlog.md
1643481413 QmS6NWd338CPFnUpUwVv1MnfDGkWvFF78NZWnEcePZmjHW -1 articles/bafy63.md
1643481413 QmZKXUDQcXMBfNwyHCs6315mDL7Ku7tGUSfeCz7eCWY7Wi -1 articles/biff.md
1643481414 QmSuxN4kapuofFhhPVKSahJW1nw8hAFmJZ7FiyksD7GJPa -1 articles/bitcoin.md
1643481414 QmRtMHw8rMtfJHAuKYGkDVxkQBpi4MYomoUQNTCaD7F85y -1 articles/blockRing.md
1643481414 QmdwyA8Wvnvr4cGzzwzQT6D7ABs9qq6RcxZU1g7cAZ5ftn -1 articles/blockchain.md
1643481414 QmWbbvWvcE9yoSdq5ZKBffTWXDYYVayvoaoDZBCwCg1kvB -1 articles/blockchains.md
1643481414 QmYbqWU4deo7VkJDuDfnKpbzPJK4phmS2uVKfmyHdBUH15 -1 articles/bookmarks.md
1643481415 QmXUtm2LJpuH6CnSgJVVkt5T2BJTvUKwCioswQsyyq1p8r -1 articles/botconv.md
1643481415 QmezjtBH2no68wDM8aNc3hkA6oRnf1bKakJJQFEXyobH4C -1 articles/botsecret.md
1643481415 QmT1CmqWdfRTiBspUri9brTtVMppyYYpYqFruhLaUi18QX -1 articles/broken-url.md
1643481415 QmZEvR3MBdWJA3ve9TihkTz8KJadnAGJKrenanCcFUuWAU -1 articles/broken.md
1643481416 QmaKwYosXRFmTHaJTFrjT2nwxk9CMui7QJbC8GRkGcv4s1 -1 articles/bundlemark.md
1643481416 QmXeYYMe4xEQJQUoWLxtqBh84idGphfi8gG2HzhFQvyfkJ -1 articles/cahiers.md
1643481416 QmVk5tvRAPct2nfbVyZbe7msmLd4yisrVpRt58DHtt8fxW -1 articles/call-for-humanity.md
1643481416 QmeLmZv7CM1kS3cgsneoLSjmA7bq474ggjnkeMJ77xEHaP -1 articles/chakras.md
1643481417 QmQiJJQQJ9N3dtM1zy1rrac3fcyAtcp2e97tMt2x9MqFbg -1 articles/chameleon-hash.md
1643481417 QmeQ8s6GD4mLTjYiCJ1RKNGuNyp5z4NmQSrR6KLB9TG92Z -1 articles/circle.md
1643481417 QmYm8LejB9wPFpUaXQdPBZYjCKfhCihiForX6QVUFTM3PD -1 articles/club51.md
1643481417 QmVpCNMi296hYci8nC4kPviJMgjdndYCPDmDAdXSFrTh3z -1 articles/codelive.md
1643481417 QmNhm8XwP9GRgirtX9D9BDEpm6hZkpURnph8yDoxwUTG2U -1 articles/creation-flow.md
1643481418 QmbdmhAUzxHGm6aYhnv4wRY68ApjiuAbiqECvmVmwsbMEM -1 articles/crescent.md
1643481418 QmWpqB5tikMgZAAPELL7SYYNytxVPK6mtYhVBEdajvuF6H -1 articles/crytokeys.md
1643481418 QmRuC5jtcSEzGkRs8yTT5MRisVnRGmT7fJ9unn3HVRgJ9P -1 articles/data-pollution.md
1643481419 QmVzzqnH3VrSvDmbRaMtqxUNFiQJsS6oyRJDgqE2CetKRs -1 articles/data-protection.md
1643481419 QmXMdCu7iP7jwgfrAP2kamBvbJEtosqUSYakG9KEsGL2WJ -1 articles/dbug.md
1643481419 QmRxgaR1bDgDRDriCxt7aeDSxLbqj3wiJKafTDJ9W3uH5V -1 articles/deeplinking.md
1643481419 QmZjytx5XcuzGkgraYMcXkrbjkjTD2nTF8g598jqDWnyzB -1 articles/democracy.md
1643481419 QmbG1x9RKatk5S2txzv5uhCyMgBv68fj8kFD3Z687uBYEx -1 articles/digital-journey.md
1643481419 QmeeLPzdix6qoYF3L7c7M8fBHQa6adGjTFgZsxoUZYFCJx -1 articles/documents.md
1643481420 QmYB3YRy85SVGHzugkU7qveUqXTbskTczicRvZLkjJsDc4 -1 articles/downtime.md
1643481420 QmdSqUftTQimCW6FkHii53mqutCTwwc9WHQuqRuQyoCzhQ -1 articles/drawing.md
1643481420 QmP7cWgY3i3J17kELKfbHmmqc45vf5Fm9436wLdUytbmrX -1 articles/empathcode.md
1643481420 QmVhSZsrLFzX5xhiYSPEj78nCFdfipUdwgM29vsnHL1Y2j -1 articles/empty.md
1643481420 QmRfkYayFmRzvVo3HeFfUszJ8Nf8hXiFFfXDycx52HdoiU -1 articles/encrypted.md
1643481421 QmTKtdudAFSY1xnbSyWrbTDTHdWYBo1278bLSkAvcytv2t -1 articles/encryption-in-transport.md
1643481421 QmY78TNLnjUQVaXeeRbSVD3SUESDkcAKKgmVP7X7e1MsHY -1 articles/entrepreneur.md
1643481421 QmYDaFvo95vuQGSLPhytVhw7qVGF2sNHpQUgAvGTz2KNre -1 articles/eot.md
1643481421 QmU6g5sZYr6nXCqvEDshgcLxn1iQyBUEf9ngMREUZNMUpa -1 articles/escape.md
1643481422 QmTF7H2pUzL4FiDxkGQy3RkfhsoyDVjDgpWrNkPNwXC26U -1 articles/ethernauts.md
1643481422 QmbFMke1KXqnYyBBWxB74N4c5SBnJMVAiMNRcGu6x1AwQH -1 articles/ethernauts.md~1
1643481422 QmZJsdxPQcu1MBgyoPj6iJdkiBKK1YVWfBBjzdBZJ46vd9 -1 articles/ethicalads.md
1643481422 QmQ4ZUqS8JvA3uDAZcEzssAVu3p4oPkciD5zsyAxZ9vc7k -1 articles/exode.md
1643481422 QmdxcukSAjiFa23MgwQZ8cA5R41tzubvJCQwRYwDv9J3zE -1 articles/expiration.md
1643481423 QmZ6iefcS4zqYgdKhF9zZwU6HiZSGx1nJSYdv8KfhuM9Bz -1 articles/fact-check.md
1643481423 QmViEavj9MBfYuvC5BzDeK4WwxUDhGzd5AbCZN6YBtxRkz -1 articles/failures.md
1643481423 QmaCDxw7KkjogHJvibyfaihX5QVoz8CkMYmLnmYu5nUY4j -1 articles/fakecam.md
1643481423 QmZ6Y57zsrA7NWrfY37GAyhpPTS2hTWcivPZ8NYaCTcqBd -1 articles/fakes/covid-fake.md
1643481424 QmZeu7hvuaVQvyERg1pjx9nU5vwvtJewALWAncw1DLiep7 -1 articles/features.md
1643481424 QmaxSgeAgsNZQyu7QbTFaNdB9bTUCQfdKV9n1vKuQqh7S7 -1 articles/feelings.md
1643481424 QmRQ76ci7oayRgGFFyTi2x2o5sF2b4oQDVkxAUgZuEiPDj -1 articles/finledger.md
1643481424 QmXVUoB8HoXFa8W8EBsXrffqhZhNMFxkN4FUzPcW922NiS -1 articles/flatpak.md
1643481424 QmbFMke1KXqnYyBBWxB74N4c5SBnJMVAiMNRcGu6x1AwQH -1 articles/form.md~1
1643481424 QmXMqdSi9hajcv3UKbxDSsubfkmDBNqZ2MPLZaogEs5UYP -1 articles/forms.md
1643481425 QmUhHiTmw2fi5Govn6X6ALjegVT1Q6vaJHDjk7E4cAzgTF -1 articles/freenom.md
1643481425 QmeGKagiwFXZa3QV7ogEnDNcvjqHa5LpVirZ2enpPJdsfk -1 articles/freescience.md
1643481425 Qmbgk44h7J6qP6joijvbDLQFoYMPB8Eb3bsfQGUiNNxUvH -1 articles/friends.md
1643481425 QmVEPLN8fvZGxGzRnTgi9P9NyqyFndADFvmQiZELuapCwD -1 articles/gh-wiki.md
1643481425 QmZGDhGYToUP4Zo3T7QVMzAUKXE8VnJgQwRu2JxLu5HdZR -1 articles/git-object.md
1643481426 QmPZ72yWzAagn5sEEShrJbvZPzSmTpiXYLrxxem1nu1XXK -1 articles/git-over-ipfs.md
1643481426 Qmeb4cB5pnYfTwe9hGRrgiTeRAt1LoGcVHPVQF9KA84yGR -1 articles/github.md
1643481426 QmcXc1sfXp7TN4obohCyMH81X1jpSyN1VbLfuP87hb4tCG -1 articles/gitlab-pages.md
1643481426 QmWzqyBFjaBypQqRVQ7KMChvnQLn9KQR5mruC4KHdYE1AW -1 articles/glimpse.md
1643481427 QmTqg8XWWeN1M1XJzCtPDYfaFWrPTBHFHzmfhfFnGTLkep -1 articles/glocal.md
1643481427 QmRoKwkXXfRTSAizwMTZaeopEmMCGXA5nRB2ngveffyj5i -1 articles/glossary.md
1643481427 QmYKsNBVfrc5uMWqKQmbr7sQFX7kEBAASoNXoMHpRW2RgA -1 articles/gollum.md
1643481427 QmchHShQJoB5dNMBNJNwh1A23iH583cJ6WaXpWFYdT3z8i -1 articles/gradual-change.md
1643481427 QmVKSc21nz32dcZW2mr8H3Nx8cgbH9x4vLqWhmdqZdR528 -1 articles/hacking.md
1643481428 QmNocviGjLReQe1egUetj8c4vUWYamFLoHbwtQdy4gyEpD -1 articles/hardsoftware.md
1643481428 Qme4riPkewH6eTYbrha35rtJAgBgd8FAmyHAacATJEydzp -1 articles/healing.md
1643481428 QmTwkmGoZvwDmfRqmDWfGjF6dLeKvD9K77Ed7ySrs2YUaJ -1 articles/help.md
1643481428 QmdyN4brWwSBD7UdFxL1NKn3Vpz1HLLKuazk8RGvAMr5fQ -1 articles/highest.md
1643481429 QmVMupNkHgCrjxm3m3HeGu57kZiDkoq5hjhdNShpgh1iyQ -1 articles/holoTop.md
1643481429 QmRaNJLwjK2n1qBHJJRtSq1Xxg6b53RfQgd2y8BXCqbHLT -1 articles/holostamp.md
1643481429 Qmd88KUy4uiLA17g8M1nPnXKrVvry7J6DQjekhosAsxjjz -1 articles/hueLand.md
1643481429 Qma4AWzFz3hyjXR7aiP3psUF3YigrshEpLMPf3BRePh1Zr -1 articles/humanoid.md
1643481429 QmcDJhXvFBkrETV6Dmheo9PPvFu4zrTozWfPW4R5Ch33q5 -1 articles/ideal.md
1643481429 QmbezVNtkHFbDEGuSBmkBsWfgzNHxdE3zsuTDNt75mRV7N -1 articles/ident.md
1643481430 QmNvNNdEuJPJwQnBRmcbHU7LMZTjpsJY6Yx6DiBG5w2uBR -1 articles/identity.md
1643481430 QmSg4yHgkg935akFTANEpZk6nCLQpMN8LyyqBuTQ1hVX6b -1 articles/inboundemail.md
1643481430 QmU22oufPp4bVv3gtgmFTghEZ6jBpG7hk9N6FXX1dyLgKc -1 articles/income.md
1643481430 QmW5mPB7n3iZsqx7kCGd9JLyeDxQYMjbCYuDfLVRBFerKu -1 articles/ipfs-pl.md
1643481430 QmVqJkeNFJHQUuCEE4LjxbMnYQmZhfPq1inydFbXE9MhwP -1 articles/itsnotthetool.md
1643481430 QmV6xWS78iTFGyDE4sQEzVWNRA5mTmpGW2nud3kjcnriZg -1 articles/itstime.md
1643481430 Qmb7Jq8E5q6AhFPjz46qmsHSCjM3kpF9yZzokoytGBBACS -1 articles/jobs-apply.md
1643481431 QmUh9yPTjvxPm8XsQEuKX9RLi9Cnx8BVuN4RgpqPzxbTKn -1 articles/jobs.md
1643481431 QmQ1ugC7VBsU7nuJdFzPfZey7PagidvpJCKAWyBpnYY6CA -1 articles/karnaugh.md
1643481431 QmfX8EYDihV3PcASREwxSeN6xmYLip1WPYJvBTCmyfttvT -1 articles/kena.html
1643481431 QmYUj3wVFi7vCPjMofffzpZd4YFhjr15Z9uodZrJ9uJbt8 -1 articles/kena.md
1643481431 QmVzAY8971Cs7QY6MF9z4Ph3oTJz985zanrxF3jGBGXCHe -1 articles/krystals.md
1643481432 QmZcjLd61qchrAra7yULaBTXkxkyDWuFZVjZaVYFDAEoKo -1 articles/landmark-proof.md
1643481432 QmNuYArcHFzLdw2pxTceVgpyjhgGqcfokMQHTnV5hfu7A2 -1 articles/laws.md
1643481432 QmYRz9pC5HDW33Amo3vDajyu5cEwGMBEdWxPQrLbHeWQpM -1 articles/layouting.md
1643481432 QmbFMke1KXqnYyBBWxB74N4c5SBnJMVAiMNRcGu6x1AwQH -1 articles/layouting.md~1
1643481432 QmewNj7cc5pfRX8W3xYBraxnp7HABZTXUftwH9WmuP6TgW -1 articles/learn.md
1643481432 QmeHndxZb4qAwF21YE2ajNtemsSsybUKnZTdsrt2SPGEYL -1 articles/liberty.md
1643481433 QmdpoP3yH6rv9F53h2r4RKgGGLAVJZDx7Xh7WerLqzLeL3 -1 articles/library.md
1643481433 QmVoUxWUFR6iTzqWtKZXJ2EZ1UFCcgCX3KBjcspK1TdvDn -1 articles/license.md
1643481433 Qmbk86ns3F13btBCfkkkDy6cjRLNWbA9vUvp54FZbA4DZ3 -1 articles/linked.md
1643481433 QmVnQfEGiLV8MMbiR8zPrKoks1RgyEkPbyXgZkgBirFnZn -1 articles/locked-container.md
1643481433 QmYVxEpiispqpdiKvynpsho5eN4SBSyjvD7CferZdUCFTo -1 articles/long-list.md
1643481433 QmNciiCgUsZLYFFvZ16N1VorYk14r9q6JjbA5VqNfzmtiW -1 articles/long-term-memory.md
1643481434 QmUM1LT4NE35BrT5nGTQ3cEG1YiAeEi3A1pMRWZxEy2xAV -1 articles/longtail.md
1643481434 QmRK17n3zo2ar3WJwEZiA47vtKW3KhmRTi738VdkfkPYbv -1 articles/lost-keys.md
1643481434 QmVYVPaNFwy6qtGbEw95epCLyraKtKiLohqJUXEDQUaKXu -1 articles/lostdom.md
1643481434 QmW5nwvoujzhrFm98mG9V9aaMACrswYgeyg4q3eEw3j3Fs -1 articles/lovid20fr.md
1643481434 QmNztorgjBGrnHRroTEJLtEhVQwxuX1wbdnkBmbeXPA3tc -1 articles/low-tech.md
1643481435 QmTQactxMAT9gpjY91RkbPSRw3Ev6KxXQQ2MVHcXbTJL6q -1 articles/many-to-one.md
1643481435 QmbKCHwYhTXKbwpPmVgrsLNc1xFRUoNsMZVmMdjtyzXRDE -1 articles/mapping.md
1643481435 QmZRhN83hQ4AfoU3N5nViqmtxbgiwX6u16JpokBXTGie63 -1 articles/maps.md
1643481435 QmbzY2FsXVecjT18QoNpvt4vBxs5kUCS8XHirgQcUSoxEB -1 articles/matrix.md
1643481435 QmRKTH3vehgkdQXGkCZcBQRF15ET7zEWZtoRYDtL7xWCAy -1 articles/median-tree.md
1643481436 QmdyxnLQfi5mqQ1yQg6MeBg7kae2DNdkYRxTLbCuFMHTfT -1 articles/meditations.md
1643481436 QmbC4pvdXsNPJvBWMBjsWE7mrxYVR8b3yKm9eTdzzSUZVH -1 articles/mfs.md
1643481436 QmTBAVyCteTWtVw2SB2VbsJoAVYkU5cGSgLxcsQvFFf1Fz -1 articles/michelVerse.md
1643481436 QmfTf4Z8azbDihWP5NSpb1dk7CcibgT545uEq2XVoE6aYE -1 articles/minichain.md
1643481436 QmSSr9qmCMNDSRPi7t4ZiVMVJJMbPUWd4KusqMYyFWxeEV -1 articles/minutes.md
1643481436 QmbWFQrboKNJAQ1kdVkx6RxYKCZkKLaYaMJNrduBMLiLSX -1 articles/mksummary.sh
1643481436 QmaM679XVR2RTbDSfhBRVsGoy1dxAXX77ene7A74363s1T -1 articles/monitor.md
1643481437 QmQhHNsHGNT4o6fXLCNpBgq2ZJy8MJvwgM8otMCw6Wqtfd -1 articles/multiline-read.md
1643481437 QmUqdQZzfkcPUdUy1zHMKxQ6zvcN8anndpHb2JMYrqJz4T -1 articles/mutable.md
1643481437 QmXLUcdhtzNNfMZjizoZ6dXySRta9EGY3YZjP6vDDwSPqY -1 articles/mywiki.md
1643481437 QmRtDXDcgrN9t3FYGz4QKBSAkiyUNxqMgHF7vAHT2Uwx1Y -1 articles/ncov-conjecture.md
1643481437 Qmad5o5XHHz98txMjVn2KNv8zWTTDRqtuSHECuY2QZPXUc -1 articles/nickname.md
1643481438 QmcinatWUbGqwBCK3GbXUDGNo9XmiwoQ6sHZaDUcsDUBc9 -1 articles/note.md
1643481438 Qmeze2Y6jPUM5LqXQP8v9A627t2ieUdNLY9puHwh4MLHyK -1 articles/notetaking.md
1643481438 QmSJ5JWQWSTyk95ySCTGdCGbG5ynyNkPDjpaCbnz8SgnxQ -1 articles/noticed.md
1643481438 QmQebE4gAT89SU9gbKUWQTxUCNfWsRzypnkw74HnR7dKsj -1 articles/notliable.md
1643481438 QmcuXjYCZtoUXfz9y82frHE8VZA1qQfhVHfYsckEDTnF8T -1 articles/organic-tech.md
1643481439 QmSmXCj2KRBYckzPwoQ4Y45aKshgoPy6P5EE164sgkYGFP -1 articles/original.md
1643481439 Qmdy5XjGjUNL7UyYvif5Yt3zAyNY32BcXuCmvpztv9LCtr -1 articles/outboundemail.md
1643481439 QmS22aWZrffopz7b7aqKeeqnnhbpkdrS3vEva7N9Sg3V4g -1 articles/passwordcard.md
1643481439 QmNNZzCS48EirGzckhhN2CPpthCLBWwA8sUKEL1Dc4EuGv -1 articles/pathways.md
1643481439 QmPhHXBG11Gr4fi6RJ2pUjmp1vYQTdU82qfVMLjjnePu1z -1 articles/payperuse.md
1643481440 QmQ2c2J1z9qR1UnfxNRqJZqQzr1MbD3wXiGP47CMC3cFof -1 articles/peerids.md
1643481440 QmYaTjTbfkdbbVbPRAYYhFncSdy5mfUWD4pQ7iRPR4ouiF -1 articles/permlink.md
1643481440 QmURivxeKCiXrVFHWLycyLYZVx8zsAQFj2FDBen1aha1WY -1 articles/persoledger.md
1643481440 QmQBNP2LfgbhhqRPnSiUc7w4bnUUYpvcLgqPU7jDBzv7Za -1 articles/phonerestore.md
1643481441 QmNWJ36WAN9DeAgfFr26S1XbDiQvpphh4KuYFyPKrJbEPt -1 articles/pipeline.md
1643481441 QmQcw496Gx9NKbnv1SWJuP9zUVftPFSTScg1LMkJ4xWQyL -1 articles/plc.md
1643481441 QmPb1WfnBNYRVtHHe2zGeyt4GyU2APTNm3PQFFybjv3s1b -1 articles/posting.md
1643481442 QmaevkpaQBgv2qHBWJKaaWaBLcsyFgr9wSfJnmAG5aooNB -1 articles/predictivehealth.md
1643481442 QmRG2ZMvpUPvmp6wataYMuNYnPBGfgMWLVfuNK9TUJtFZC -1 articles/probiotic.md
1643481442 QmUUWZakKMtGRgk3vwgCVujwAKaoF5Ka7AKEkYPYyohEBW -1 articles/process.md
1643481442 QmPagRQ4pP3PBaVaExtEkCkjZHrP2GeBZpKaTSSFwYhLxi -1 articles/profile.md
1643481442 QmVEEr9UpPauSdrjXHvLJH8wmtcjgJ5KrSKyD38b96hdYZ -1 articles/profiles.md
1643481443 QmY8YEgn8TwkJDbfg26f28kyPjUo2W9D1ZDtvS9kqbFsh9 -1 articles/projledger.md
1643481443 QmaunJkfA94EXRiPz25ezRiqbQ2VzLZ5tJLguxKEwPnTEt -1 articles/protocols.md
1643481443 QmSZsortT1MwRSu8tT6YfTM7en9ushfgBdDN1MkwU25kXB -1 articles/public-url.md
1643481443 QmTh9Z21yoJbJ29sGvJiie5cvXZ7SbnwyF4uC24H2fZo6e -1 articles/purple.md
1643481444 QmfQ7NhARyqTNsZXcKK5TXJ8MuUTPbKvqWGF6DV5d8SPkc -1 articles/pyramidal.md
1643481444 QmUTGv7CkTxW9FfM2T1UnBBAdh8GFo6X5dFiZrkcJguSaf -1 articles/qcode12.md
1643481444 QmauKjuEuTUdjrX2rVHnJY7T8GSh5Fo1gZRWrEvRhnmzx1 -1 articles/quickactions.md
1643481444 QmQwxhCTZfSgTmW11N3mWCVf2Ex99gG36UdaENnSsyDScU -1 articles/quotes.md
1643481444 QmVbW7rJNtRotkuw5gEguhbqrP2GYuWRrabacPv5YzeG1x -1 articles/redflagged.md
1643481444 QmRVqzMGtdavJNWyhe6oBEW2Er2wA88U5rQW5jFTG57qRR -1 articles/references.md
1643481444 QmZMXzpdGjrvQxX3Ys2VHUiMtVZqFPbcyrahubxYCDE6ZK -1 articles/resetMotoG3.md
1643481445 QmY9fEnm6sKWrFdvS751CmKMz91vcs9hUq4USRpdoYpnTY -1 articles/return.md
1643481445 QmVUwXF2gqvRRWffFkEXPTNq1mhS7oCjyfzyUJJxesZ25j -1 articles/rifefreq.md
1643481445 QmTrMLAjVy6xNwzh7fbbBqepmzxZiXjbojKpFy2wdiGoZP -1 articles/riskawareness.md
1643481445 QmYTvhahLrxBfmcGxit7fgPFGeuH3vmZWYAWigTqTEpicm -1 articles/saltedshard.md
1643481446 QmUuH5eU6QRwMNrNDQN8q4whujskeWX67ervnSm4HfXgkw -1 articles/sandbox.md
1643481446 QmZgKdSM3VkZybEQ2bL76wawMsABVo9ofk1D9vDSiAw9WT -1 articles/schumann.md
1643481446 QmWShBF8tVFnxmzosoocMYWaRJe9MqpmD9bwQWCJzHVV1W -1 articles/second-page.md
1643481446 QmWJ4A1zHDSHnexNXUEW8chKvzmbhrs9BzH3XySWkNvycJ -1 articles/secret.md
1643481447 QmNpcLZciANPm2iT1drS32T6T8xg3ZWM1zMNsELrrkYLDW -1 articles/securing-ipfs.md
1643481447 QmU2eFFC7SVFHXboyvd78tvWMPfngYWzXNjxbWfAxDaZsY -1 articles/security.md
1643481447 QmRNvqtTX2SdUBgTQ4WWifZS5yVf6iEdppzk6AWky3qwtW -1 articles/simple-url-list.md
1643481447 QmUMPRcmscGNdwVsCyHy4NHUgdJ8VaAKW67fge4JT6zcZK -1 articles/sites.md
1643481447 QmZEXUGMMUcXx2hXAiogRVCNbYxBMEs4bZ49LANKpuVnsU -1 articles/skillshelf.md
1643481447 QmTiAT6a6nBZ95BLH8chPhG49U6VKAB2UL4jqvxszrCnAM -1 articles/smart-contract.md
1643481448 QmP3aD2Lv4FFTx61uo3d2AoqRZH8MEkvnHhiqLEqD8sLkR -1 articles/smart-contract.md.ots
1643481448 Qmc4iiKsgq88C1C37Td8Mhse1AYqXEF2F1uTpWmbPP9mdw -1 articles/smart-contract.md~1
1643481448 QmTmsmVFYetobnvwiz5RzPec82AFX2Lfwj5icXDDstufN1 -1 articles/snake-oil-science.md
1643481448 QmSv4TWjJnscv62fTXkDnY3kVmGRKG8PoDxTFzhBRLV2Rj -1 articles/softWares.md
1643481448 Qme5piefaMqHbe6UT8RTM9W8D6QRDAEBTcF9RmupfVUUSd -1 articles/softindus.md
1643481448 QmVa5FgEs6ybWqMnz4ET4TsYkDeCwgEExGdJ1FiJVaCQAB -1 articles/solfeggio.md
1643481449 QmSYgLkgb92RReRixQiMYPt6yj53x21BNL8vMn5dyAuvWQ -1 articles/sort-order.md
1643481449 QmWPzk2YwrUjqmDFHvRiizH2oJCGuJsayXkUPcYgoqJJro -1 articles/soulmate.md
1643481449 QmVLFwXhZCYGws6cN1pGvvJLmLayXPPQmfpr1a7pWBuBt5 -1 articles/source.md
1643481449 QmXhWNYLQmfc4gUayDLBmt2AQF4WmvM6cHx3XLVDEyod6P -1 articles/spell.md
1643481450 QmWvhHP1RS9gnLAWcj7ASJXZkLyY6SCyb9CKZN7NZjeCYf -1 articles/sphere.md
1643481450 QmNpDEbZRHixemyvMkux5UqJ8etNfZMyu24GV5kgkrVm7j -1 articles/stasify.md
1643481450 QmWuguir4u2GzbNd2BF63Rrt5iFQDSNmQmNhs9EKz5gY3W -1 articles/steps.md
1643481450 QmZaukME6FETyJCfuAKTJQp28X59CCj37sjQktPDp3JCTK -1 articles/stilllove.md
1643481451 QmeJev9Afj7SnhJDrGtQhgBGQNrMq2T9VTHJFpbmmhHVEF -1 articles/strategy.md
1643481451 Qmb5YnVH1R85iytxxvAfFzWqeZ6zXGGJJX33pBaAwCt62r -1 articles/successWatch.md
1643481451 QmU3WczziJ5rSeDmRwFZNn9MT1M9KsYpn7jpH7VbPza48R -1 articles/swarm.md
1643481451 QmRkey1asUW4TcpQtHH5nAbu3H3rwuy4tPDgrpEXXN2dHn -1 articles/swmanifesto.md
1643481452 QmQz5GSA2b3pqnngFEWQTvhaxDfrRSJ8DbV4LrwsLMGeCg -1 articles/synthcat.md
1643481452 QmYJ8Y7iYv6TN1mVTdp2QC5guEaXWazMFTQ6e1XVFcc827 -1 articles/tango.md
1643481452 QmYCsEsz9x9jdx3e3HBrtMsgC5qdB26wtNBfE6wXPT9AXf -1 articles/technologies.md
1643481452 QmZem1ivRhMHYFPSvbLf1UVrZGTPtJksrNPvYK7KAB28ch -1 articles/technologies.md~1
1643481452 QmZtBvqoaGFfGV6zb2YGx2w4eqDjr9EL6aZQyBykUpzqhz -1 articles/tempotal.md
1643481452 QmaH8bkKzZRM44unD7xLsNpJKnVLghMLyaFixxo7Vxoqax -1 articles/test.md
1643481452 QmXrCwu72XqHvCEPUuzUUKYDVpQ3cdBUaB8eBWcrEzRx6h -1 articles/testing-gollum.md
1643481453 QmPoGr4S79zT7uYJLS6tQLDdjUBRy9kTMB2jC9vw9XqPnF -1 articles/timestamp.md
1643481453 QmacYt1AHif8bpSgooYmuqubfFyNpVB26aek6CFAaqNDEQ -1 articles/titin-chain.md
1643481453 QmbW9AnMakNhtRFCQVkBTinkB4qjgiSgoVtHCKAbjznHwf -1 articles/today.md
1643481453 QmWT2ZfeFua68BjYspVStWPj7nShYA8r3t4Lbrq4EPkDUm -1 articles/tools.md
1643481453 QmYLjHPQ66d5vpGNKRbn3cezrcg77BZMqRC1R3aqQLLZLF -1 articles/transactional.md
1643481454 QmP9C8FUANbxBCuubUmUgpMrv7vywsmPGwzgbgjGTLvi2p -1 articles/transgeneration.md
1643481454 QmP54VxSu54AwgqLSrGyM2fvT6Qws4EwoyMEe1NvGvsmxr -1 articles/trends.md
1643481454 QmPu1tFxj3rwmZLHdhZBMWUzKVqRFacTbn71pge5MJgCDg -1 articles/truth.md
1643481454 QmTUZCnB41kohta7FnB86FA3EcwdhY3fE97Kv9rbE36Y71 -1 articles/tutorials.md
1643481454 QmPbYxqxKzAKdH2WsTiGA1o5N6DF6MXvtQxuH7wjc387Qe -1 articles/universe-keys.md
1643481455 QmYKjiPXQ4iTfAucYDT1XqqMmxYxYsc1V9xQsVbSs6yGYP -1 articles/universe.md
1643481455 Qmdt8bsxgNHp7kbHwTCXTWDYezGfg5kBpuxqqknsrK6YaR -1 articles/upgrade.md
1643481455 QmTS33mdce5pxndQXfe3pXH8aos6nTCx46yQxNfUNwKfuE -1 articles/valuesys.md
1643481455 QmajpZvbyq9nfZpttkTAy5rLm7gHctktF6djkHDbzgZaPm -1 articles/vanicoin.md
1643481456 QmWbMjj6QbKLjuqBFTXjyeZHbZMqrvnyztN4gByKFZEZgC -1 articles/video-meta.md
1643481456 QmRQGqyyoT8fpXZS2MaYEByNSEuQ2RvhZ8PgzaRL76a7s8 -1 articles/videoconf.md
1643481456 QmaahuXZvWnWCyZ5omka6FBDKnLNKxCHgUsxQYHQPwr9pd -1 articles/vimwiki-index-page.md
1643481456 QmRFQaR5rPoZ7jk3kt6tokfsorhDiyUkzcLY7mA2Qjas1D -1 articles/vimwiki.md
1643481456 QmbpKkftuwVpdLmuRobeKfZtLHoFW3UmENvLW6r88hqocR -1 articles/watchlist.md
1643481457 QmeVRnBj1qcfi8RkFyMHNjBNRE1mym4Ds7gUBys2dEgH7K -1 articles/webcam.md
1643481457 QmRpfzwnyysiGuExxgM9MW5uMRD2dg5mubBQozn6C2bRAV -1 articles/websites.md
1643481457 QmcB1xztZzUTRiUaceKXeWRyZ8eKb5daQbDPw6KUxxywsX -1 articles/welcome.md
1643481457 QmXmm7JXjvd3GntufgbKkfh1rxsKxtPtFU8R7XwCQ9EMCr -1 articles/what-is-missing.md
1643481457 QmP6JvJDzufTa8eXWMnJVG5eBrPTpDCYrUapBYJDKWfkCE -1 articles/whatisattention.md
1643481458 QmS9ZQSQcy1b43tCndPx2XxDgVLdxHVmziFjDtwcqNVDwn -1 articles/workflowy.md
1643481458 QmQxi1ysKZUHyPMAhL63WUEr4p2oXwf9cBWLxpnXVSaBun -1 articles/wrapid.md
1643481458 QmU4ZihfTa7y2aaLxEbD9KqMTHVVcvSFZ9bQ8gf9XCRcbM -1 articles/write-on-the-table.md
1643481458 Qmb4D79mduFV6JtQWJHiUQUHcPLxksY8CwQwCck4H6AnUP -1 articles/xwiki.md
1643481458 QmaC9RAoxuqi8oaf8YVgSyZrwepAyYs4tPjA96u75U6wJg -1 articles/youtube-clips.md
1643481459 Qmeyc5tt5TkT9GxRYQVkW7gEWM4idYH3nHimESnd3fc6MT -1 articles/IRFO
1643481459 QmZY7rLzMZ2FcdFddtREpZXtgeYs8taEqSqfFwx2bKTEjU -1 articles/fakes
1643481459 QmUNLLsPACCz1vLxQVkXqqLX5R1X345qqfHbsf67hvA3Nn -1 articles/ghwiki
1643481459 QmTaqqHVcp2XPkfAwwYj7sp8M9G95qBcT4s3mp65zLFKvV -1 articles
1580991547 QmY4VwM7bmiiT4VBoK5RFFUgFN44rbbbs6eyGCNtPeTR1m 407 ../ts/artifact/alert-plus.png
1618303280 QmYcsyCG1VhaGwXP2G2VCueBAE5XYP72E8Zkm9Lec4qKAU 117273 ../ts/artifact/bootstrap.min.css
1578499387 QmUr9NWtU65wH6NtAgL1SrekepKRLFSMZuERSGmoXfu3VJ 117305 ../ts/artifact/bootstrap.min.css.orig
1557301012 QmVo8Rtdbar99HRH6k2gSBPsm7Ltv221A9KSrFMHfeTT4b 35951 ../ts/artifact/bootstrap.min.js
1586950810 QmVJtiBu5TbUhdLzTATiZyWUpnswpFTTs8V9vRouvsMB47 27878 ../ts/artifact/countries.js?v=1_2
1578501330 QmfV5QFsiwynv5HRHyYTpe5xoLLRcsUuAdKD72feuP5Rpu 1150 ../ts/artifact/favicon.ico
1453964853 QmWhoNhVUb9bcjuKLB259VYogJpPsJaAe8dern9LK95tVN 20127 ../ts/artifact/glyphicons-halflings-regular.eot
1453964853 QmWhoNhVUb9bcjuKLB259VYogJpPsJaAe8dern9LK95tVN 20127 ../ts/artifact/glyphicons-halflings-regular.eot?
1453964854 QmbcbjLEC1aHy4j2qvtncevjenYwHjEF4qZ2kK5pRJzDLg 108738 ../ts/artifact/glyphicons-halflings-regular.svg
1453964854 QmciDEkreBpY2S6Ktg1Zarbsx5K2DmHK59H261Bjr2fnuR 45404 ../ts/artifact/glyphicons-halflings-regular.ttf
1453964855 QmaYEdLkMnEHVN8HZB2GGETottySZoHh3TnYZERke36PVr 23424 ../ts/artifact/glyphicons-halflings-regular.woff
1453964855 QmUbUsBQbjJhm5iYba5jqibRr4A6gG3HVczSy5gs5PrMhY 18028 ../ts/artifact/glyphicons-halflings-regular.woff2
1591083956 QmQQ81TndC9bRj6s5oqgWUZPPnQLrSamqSU6EmKMAv5Uie 263069 ../ts/artifact/highcharts.js
1557301016 QmexLvnAK8pks4FyJ6DardEjXADpEfBLB4p9bSTBEd4PiH 714 ../ts/artifact/ie10-viewport-bug-workaround.js
1643480258 QmTygu8mqjAeAWtMsozuHxdqKc34KsubxiRBrFn3oB2MBS 1817164 ../ts/artifact/index.html
1643480255 QmNyuw8wbH3F3vrUmJZaUQrvcffgpjR9DpKX6VChSbPLXX 1739978 ../ts/artifact/index.html.orig
1592634503 QmQRGncksMEeDKMZwi9dztV36YjKDw1VLUQQ6H59fuSbjS 89478 ../ts/artifact/jquery.min.js
1591074402 QmNdCyaHhriUYn6wPpi9LBZvG4dy5BKmdb3vTkbqcE3SC3 1500 ../ts/artifact/js.cookie.min.js
1643480258 QmREhJDuBHaU9HjpGWfFAyZmZoregQxxkPqDUMZTj9HiJY 29416 ../ts/artifact/log.txt
1542817438 QmdQG8gbEzpALtjH6GQeeKBzLb3gvg92hTCoM6fBSHVcjX 8653 ../ts/artifact/selectize.bootstrap3.css
1542817438 QmSZhPuR2cRjmTXk8tLKVJGBpAxAWCEZa8SLuMjZrdGeo2 45833 ../ts/artifact/selectize.min.js
1587419185 QmXXFfrpVz8ZvJt24Xzajk3mAr5VFGzrt7GWUpvwsdJ7vt 14868 ../ts/artifact/wm16.css
1643481469 QmY3QBGKdRnYHTJykFEqMGsKfpmyuDMTdGgCFfGcCmpjxB 275428 ../ts/artifact/wmeters.txt
1583166582 QmSw64x7yHoCkocPUrPmLTLDU2BTtcuoBoo1E2RqrWBg7Z 971 ../ts/artifact/worldometers-logo-footer.png
1578433632 QmTEWAMCaBLQv2suRmbp18bxHFkMuovX3ChpsHYgADrkCc 1309 ../ts/artifact/worldometers-logo.gif
1643481514 QmUzqWg9SuCNYAEZaScdeZgw4abiGEg3hx9a2MXfyM5VPn 291 ../ts/bal.log
1643481509 QmV9dnv8CtHETbjFTcxekeAFPGUYzQJfQZ6vVsjNMcTjuA 9499569 ../ts/bal.tgz
1643481470 QmePuho29TN7GX3RpGr9vD9uqPRW2pALwK1x279WzoK6UH 718 ../ts/bot.yml
1643481498 QmcFeRFR1bKjDZy9G6K7G5up5oDTPGRf32H5TRBWAD5eh7 236 ../ts/dgit.log
1618304666 QmQ8ChSVnE9oNtA7hFDZkzsk11aUoRZ9rDP6QLc4uRfWbB 10553 ../ts/dns/_dnslink.list.fairnet.ml
1618304685 QmQ8ChSVnE9oNtA7hFDZkzsk11aUoRZ9rDP6QLc4uRfWbB 10553 ../ts/dns/dns-lookup.com/_dnslink.list.fairnet.ml
1618304796 QmYUyfXNNyeuYwVB9tw8hdkjqXGmyKDXUMMwHANpVuhsLy 10737 ../ts/dns/dns-lookup.com/_dnslink.list.fairnet.ml.html
1618304826 QmPWnhJzF17Vu3vUQcgGM1BPsuJRWXKWTmuMwuVHg6Ngxu 10186 ../ts/dns/dns-lookup.com/_dnslink.list.fairnet.mlcd.html
1559850426 QmNVCHNSqmW1SxMhwX5ZgDuPcW1zjbsm9z79Toau42D5mx 13947 ../ts/dns/dns-lookup.com/css/style.css
1492970901 QmPNZkErr5qmWBdeb6MpktJNMdEbke1mF2p998pSHqQwD6 5430 ../ts/dns/dns-lookup.com/icons/favicon.ico
1618304685 QmRGnD7QpSfWtMQeqMdtXYSaEhQCzoWxxcRiTXKVQAKyjw 9986 ../ts/dns/dns-lookup.com/robots.txt
1618304826 QmVgmh6ovFSEbnzAgBe5s8zuGYU7ZAor2FWJPNn8o5xG4L 10170 ../ts/dns/dns-lookup.com/robots.txt.html
1643480999 QmWn5LmP9GBH7haTJ42U5QYoxsQfBvrfY26EZzK5MAge9f 439 ../ts/info-refs.txt
1643480980 QmYqdmF4TkhzJyoVqzAX1RHdm7gYVFoaPFvJWXyAhkFJUy 42 ../ts/nip.txt
1618301652 Qmcn3va78m85WfnYn3vR851Pgh6Gy7a8hk2c5c7FVY8V2E 255 ../ts/original-timestamp.html
1643481462 QmSZE1Rrh2RFJDK8zjy9KCbH3Zis41rd5wZFe1Skyud8ZB 696 ../ts/original-timestamp.md
1643481463 QmWHWZCzojqcFkftpCZSPAbi53idLeJgyiFTWNrVLutLeh 1611 ../ts/original-timestamp.md.asc
1618301652 Qmf9o2B51PemRnjZeLPWeS1Y2MXCT7JyAeMNMhmug1S2wN 1244 ../ts/original-timestamp.md.gpg
1643480309 QmZ1AB5SfaPhBDyeScJbF1kGwQM26xnMLu8JfxozykDWzb 503 ../ts/ots/timestamp-.txt.asc.ots
1643480309 QmZ1AB5SfaPhBDyeScJbF1kGwQM26xnMLu8JfxozykDWzb 503 ../ts/ots/timestamp-a69f6f3202c2.txt.asc.ots
1643480309 QmZ1AB5SfaPhBDyeScJbF1kGwQM26xnMLu8JfxozykDWzb 503 ../ts/ots/timestamp-b6484c32a050.txt.asc.ots
1618301652 Qmcn3va78m85WfnYn3vR851Pgh6Gy7a8hk2c5c7FVY8V2E 255 ../ts/previous-timestamp.html
1643480990 QmfY8GcJfaN6Jeq7DyewHkhXHfxgRW5S5tRTs6pRvFSiXi 706 ../ts/previous-timestamp.md
1618304891 QmT4WMdyZNPtqKXxjf6Hgcj59tm7FFHtdr5EZXMcKXHG3B 4691 ../ts/publish.sh
1643481481 QmaHyvfewQNcmkiypLN3bEgKr839gDoUofVo6wTWDSqPqa 384 ../ts/qm.log
1618301652 QmY1ZhfwauqB2bfuaDjir1EJneKyU4WYuh5HWX8fuA2ZbM 1256 ../ts/reset.sh
1643481481 Qmd751azeFCtHawgLViGFV5quiJ3xBNSYesrmaKYdkbukW 281 ../ts/revs.log
1643481474 QmQwnxxoUVsyKL52uF3wEnG8KoVTuGaYwDi7xuLySigwJd 1394 ../ts/timestamp-a69f6f3202c2.txt.asc
1643480992 QmTgXaEPr7fPk6xVxrvh8V3PxVz6MNvP3GC2DNeSKKv4UZ 1394 ../ts/timestamp-b6484c32a050.txt.asc
1643481470 QmVrEAEuW2w7wMJWtyUeufFJrphWT1oqZ6tistx3mphLLA 706 ../ts/timestamp.md
1643481470 QmcqvxUrEGkX5MwPyghyYF7Gmuvv4hjYHM2KJrGLJ2BRZ9 483 ../ts/timestamp.txt
1643481474 QmQwnxxoUVsyKL52uF3wEnG8KoVTuGaYwDi7xuLySigwJd 1394 ../ts/timestamp.txt.asc
1643480309 QmZ1AB5SfaPhBDyeScJbF1kGwQM26xnMLu8JfxozykDWzb 503 ../ts/timestamp.txt.asc.ots
1643481466 QmUpq83YN89ADU7TtpHhz1DutvrktWak3T6V9pKdGVeZKd 599175 ../ts/wmeters.md
1643480258 QmSffncq9VZRPzfJXhqwmAqGk6XZsgWZbNn4AvtKcZ46wv 4096 ../ts/artifact/
1618304685 Qmaxc4Mp14QxP7ZuMffSNv8HEu7ybZmwafdfbx2dDrSizn 4096 ../ts/dns/dns-lookup.com/css/
1618304686 QmRM8ePZSaTYqF7J4QtdJt5QxnWRA4ThRYfDurjkeRNwi7 4096 ../ts/dns/dns-lookup.com/icons/
1618304826 QmVWF6iih8kVVAz1s7dHWNxMcPHQxGrVE9gYrQSURh6hoQ 4096 ../ts/dns/dns-lookup.com/
1618304685 QmZu1pPhncvjR1FEEhqJiMmYsmrrDu6g4wZZmAZTZpCX73 4096 ../ts/dns/
1643481479 QmUhLPSm1AAjxk4zkdLfrboGyQMkxmA1RD8AKVBZGBgS4B 4096 ../ts/ots/
1643481509 QmeqdhBdki62QxXeB5ygbhCJzLAt3rQWBoVfyeNj1HyzhN 4096 ../ts/
1643483197 QmPkBeyi6Mb8xogHjoCZyAYzEyPEDQ2aLKcb1w8k4xoyu1 -1 bin/2readpin.sh
1643483197 QmVSfXc9K11xuommgPd9m6VNnhnZEHTZvxj8V5LmgER7cR -1 bin/COB.sh
1643483197 QmXADS7wEncM6sdotoXk5gwoRku2vGDL2gCDsH8ruXvSwp -1 bin/LogMini.pm
1643483197 QmTiMNcrzTYQdFU2TR4taDTZVeK5WWUT5dTegF5mXsUjFV -1 bin/Markdown.pl
1643483197 QmQz8PxAG4R6eimkxbNME8DkMHyBhKinYYMowyQa6NQJm8 -1 bin/PrimeDice.pl
1643483197 QmfUsJn7HqfiAhuZLvnJyk4eR9HDqvp84pfts9wU7h6EGy -1 bin/README
1643483198 QmcgXVgPxYDzNhdnYYoccqQjS55Qbw8328rnvZxVmfdkR8 -1 bin/README.md
1643483198 QmUPed84bQ6CNuAekSkz43mW9Ensnv6MQVMVyjfki8wdMb -1 bin/RELEASE_NOTES.txt
1643483198 QmTcE9sXRyejEm7ckMnaFtFLwwmDxcQRMwtMEmmZuToc74 -1 bin/SITE.pm
1643483198 QmRbmdrwvNrFweL2NwNDXk7vmUyRXHcc3bmi9XA5DpQpMC -1 bin/T9enc.pl
1643483198 QmXqdb8XMbCt2CyuaXsy7Cxsa35RfJQJBYPJABXcWRYJYz -1 bin/_11248/pan
1643483198 QmQBbEeFm2hNC8q8did1n1wWA4tEsjoP3kxWMVoMQcL4i9 -1 bin/_11248/posted.txt
1643483198 Qma7yHJc2jfiqL86G56F3fEvgFUcKrQ67rE1JYgE4euKaB -1 bin/_index.htm
1643483198 QmbSKVbqKNYDSbH5URDoj5zTsJHpYbEPJ4G5k7ZWW91GAy -1 bin/_start
1643483199 QmVdHgYPZEzZsaYagZsYWATSGyvBzsyzPejVjqHDGS6gG4 -1 bin/addi.pl
1643483199 QmUQRZdV5rYJAyiE2whSC3NenTpTjJms7vnEDtJqnzg1h7 -1 bin/aipfsd.sh
1643483199 QmfXjj23Z2KtW3QLbmU8EBaEaCUDnbFooLXntNaM8MyWat -1 bin/answer
1643483199 QmRNdgRYHWPBpzhmGataSrffyzCVTxBjoRQrTpJViVfaBB -1 bin/apikey.sh
1643483199 QmUqZvvzLd64Lz7stGhoLk91NVemyUWDrTQQfwQw18Zwj1 -1 bin/apiport.pl
1643483199 QmXpycFi5fFWFF9GWU3daedeW34Qyw6xcvfsD2C5cpqCTs -1 bin/article
1643483199 Qmd1Y3hoZy9c211Y3NheWaKGvYDUUv2airAersDHkLGAHr -1 bin/ascii
1643483200 QmcRfkKUDGySSFbdwukUmWPwXhaNANmXFHbPnH3byziNNg -1 bin/askpass
1643483200 QmUTY9VDh8FFGBTzfoSukXZTSx6wX4e5QB1Zj6wFCX9EDY -1 bin/askpass.sh
1643483200 QmZbfoyJrVbW2VV5pt2VfWK66bzMdfvRwGChz3yNaweR7x -1 bin/autoinstall.pl
1643483200 QmSnMLqKMnaowzsQzmRBjLESwN9HfMXHbGAFm9SwYBTXXj -1 bin/backto
1643483201 QmYRbFJnDzPmDaaKScrHTfaVq7qtyzHVpKVeDdMW953BUF -1 bin/backup
1643483201 QmXCaxHU4TU64V67xj6MbefFSciy71tkfopyQ3fRtmrXgg -1 bin/bash_shell_vars.sh
1643483201 QmPoA7oDtaxVJWjYq6sWeZu5DjKmY69LLgjZpiDrcBxjYG -1 bin/biff
1643483201 QmWEPbDENrU8xTFPCY3RmgVy9EspFARprrJzQzdSg9oubJ -1 bin/birth.sh
1643483201 QmS1A6B1LLRDAwz8uXfr2KKfeLqGASQ8VvpyVzEdfcmLAd -1 bin/boil
1643483201 QmUyefLDZF9GHxYhnb3jZ9DKWw29ZCNcYC5HjiFPd7TUpz -1 bin/brcreateid.sh
1643483202 QmR83Bb1Gc3NzH3SirRpW2iRDSdUSXzvGPc2rLWqmphGCr -1 bin/brindex.sh
1643483202 QmYVnZWoYRVv6hm2rHxre7TaWfvA812NZxnTwDKwU6RkRw -1 bin/cachu.pl
1643483202 QmcYXaPsecwNHKvijgbL3YX3fnAWWfTn8BTeEzUUkRQFve -1 bin/cachu10.pl
1643483202 QmWoyxqhKMvzNRQszm3Q938nAZWPfxQrnyF3iV6Y5HG268 -1 bin/callee
1643483203 QmPbDbkeu7dQ7adeRAJLC4v4EDhfi4iFH2W15rMMvNAtWZ -1 bin/callu
1643483203 QmYsYr61BBD4amx8RwcXft4siSm5fQhTLnaVzbZB9My9nj -1 bin/cas
1643483203 QmNebwiLkPipQ3rzgLHDe5PHXZ4cQcmp4ywNBmg5ydnwvQ -1 bin/cdfilter.pl
1643483203 QmP7ftj6FWyzqsEsCmY61QDmtsYLwjD9yEcVJdX2mJbmqd -1 bin/cdgit
1643483204 QmY72WqUqduYwvm7jiRLSCFt5rJRf4LQyrTGTaa9T9ZCbg -1 bin/cdp.sh
1643483204 QmSYQnFEZUyg4hpgY8J78KGMMun9qWZUtT4vcaNHzETMdT -1 bin/cdrun
1643483204 QmSGg9bjCg3fUfp4jFLfcbmZF1miHSUigSqi6ZJnbc5U7V -1 bin/changed
1643483204 QmbxCW1Kt7BRFEgjju9jxXGJnGPR3LLWvF8Uc77fFbgNDv -1 bin/checksize.sh
1643483204 QmPUoNusrTYSzf5kudngBrFMhBcaJiiKtYM3PLNRZj2J53 -1 bin/cimg
1643483205 QmaymwyVkDruSi3idkHSnWL7eDazKoU2E9tXknVWkR99zJ -1 bin/cimp.pl
1643483205 QmVSmhWMa9kZauyZdA4sA9FUkaqVnfpysMBPD1MUooXuBP -1 bin/clickup
1643483205 Qmd2gVdqL4ApHwrCuS4gtVo6Gy1PLjNsZ2CfECY5WT1Ztg -1 bin/clickup2
1643483206 QmactB6AyjbDMv48PboLHozV87zF5HuAYjdkkdyehjMEc5 -1 bin/close
1643483206 QmXEqpj94hYvohqe42TSoX4veXPXgc1rDbCKHWvnhj8WZ4 -1 bin/closeset
1643483206 QmPPmyC3C9aQUaPPzM2mA13d6UAgHv9cDYaXdeUhX4YVn4 -1 bin/cname.pl
1643483206 QmagqtzLuKBeTwwYJHy6PV2ioQ9UBTXdTpGPX3z93sBqco -1 bin/code.sh
1643483206 QmWX9pLq7z4EPohsTHZfABKdemWxxUmrEVckN4GJf96jW6 -1 bin/code.sh~
1643483207 QmY8ZHqpjZegJAqbVofgsC2ori8tRsfxhMqL7eDqxT1J48 -1 bin/codetally.json
1643483207 QmNzG27n3ZxUWquAxSgr33L88khPc2HaD3giukYdHYviaa -1 bin/coldkill
1643483207 QmSK7zhKjFgSsZhkTrHXyrdagPXHxoR7YyZ3yJRmyPaW1t -1 bin/colored
1643483208 QmayzsNmDKMNDGd9J9QnnnRiAiGQKUMVpu3GZA1dunF6f8 -1 bin/colors.sh
1643483208 QmNtQon4FpYgPPari5CCZKZcUZLTs4scqjrr6U69doP8ci -1 bin/commit.obj
1643483208 QmehaVfVVTCu5ZgmkKae4ZFNYZCT6QRK3UgNFsm8uCStEC -1 bin/console
1643483208 QmSerjkkfSGG8kjQdczxh1pwt3UuewjWnMCpbvCtuRoQeZ -1 bin/contkey.pl
1643483209 Qmb1GUJTg5eiKyUhSh2sucDC6NVbG1UroQLRrVQenTafpY -1 bin/core
1643483209 Qmcqb1fYVj5FgadoZZF6XUWQHRawnXr93TKUsNyLgNVijd -1 bin/core.pl
1643483209 QmZkj3S6WDe5c3K3HUVyPWRMyPmi9Gk13BTSQRDPsrUKhR -1 bin/crumbs
1643483209 QmZZYCfQCXsXKcrvNzki3kg4oQMuYyckomLfLMr3DnXnxd -1 bin/csap
1643483209 QmPjVeDhTSP2H3wtdK7A4qZvRJS8ZbQEGzZni9RvG5JTtZ -1 bin/daily
1643483210 QmQHZTLV3uLvNyg891iSiMVicu5s7QYa69rY6dHtE3efvX -1 bin/daily.sh
1643483210 QmRABQRYDjQmoB3Q779TBSUBT6DA7CmcnTeg8ELAsmpirE -1 bin/dat2png.pl
1643483210 QmVQHV6jcoRudhtq3yBtaLmz4ZtcuezkKwGfMhwB4QFJAb -1 bin/datu2img.sh
1643483211 QmeqMMfmKwEpemKZa3ztDKp1pf8E97AxZeuund1Qju51cF -1 bin/dedup.pl
1643483211 QmcP4pfuPqur6kcJwjj3EoauMpBJNeBZxPSYGDVW3ETodg -1 bin/dedup.sh
1643483211 QmNVtysBxiQ1vvgrPuSuX28qftb9tjvTrjNYTsWNUjpVsz -1 bin/digest.pl
1643483211 QmVCg91diY7W9FU8EJD9nuSLKzaWNUXWGJGjZGB1xpVYan -1 bin/dir-ls-tree.pl
1643483212 QmNMBYBpKg5izdnt55TyCXqByuYTwbvvnoagYXqRaFB8ga -1 bin/docker-view-mount
1643483212 QmXuVM9NAXjFu1VZcDJ2YSy1o4aJxDftzPhrsd76wAgE1s -1 bin/dotwatch.sh
1643483212 QmYU6cjWkj9DwpqG4aZCVbbxa5z4wpA1CwsY7TeF8DuciK -1 bin/downlo.pl
1643483212 QmbQevrZWYCUCCvPQ3TaJVd6NwQd2bJFbTzFWYQBujxeAP -1 bin/downlo2.pl
1643483213 Qmej8yzCh98t67tYqZ8bsEqZvxBQhdUu2g54hJXcptNq3N -1 bin/drit
1643483213 QmRE3vSEyBwoLAjboypoEKyaeAuKwMW9WH2apNXo1YvgXp -1 bin/dritfy.sh
1643483213 QmeMHMg2D9MBrEQtLtPfiAMUsa4coeVNUXFBNUeEVYh4vE -1 bin/duration.sh
1643483213 QmPns2V3HuHLu6xtyBiyeUAeuPayNHwPHCyg2xz7H8xTAg -1 bin/dusted
1643483213 QmbYMEc4R9TzjAQ6CriQiRiSwQX7XvXFfRNC9q6hx6wq3h -1 bin/dvid.sh
1643483213 Qmf8yzUoknR6aEdka1fTguAboM4irnBjDj5uEeP2Wa2737 -1 bin/easyj.pl
1643483214 QmYf9E8bBaRwpDZZo7VZSkFy8cPh4UPKxj57mT6jbXFVHb -1 bin/echoip.pl
1643483214 Qme447CU2zePqG5oDVsMRh2MYBAPwsJCaLo4WpFTfzxeCZ -1 bin/ejson
1643483214 QmXpSjbkJi168W3HZn2spfQnAAEF3BYaLVNneuQXGjNqAk -1 bin/emptygit.sh
1643483214 QmarCwtUgCo5bYz5dpxfsjyHU5tzgsTodtykynBzyVEe7o -1 bin/encgit.sh
1643483214 QmagbG4hNqB2vck6z53zVKvkT3vmr449c8BLFntBqm2c3J -1 bin/encode
1643483214 QmfMD7EsCm3LRietT7d4ykCiuc5JDbxMPTdXdnf8vFW2rH -1 bin/entrypoint.sh
1643483215 QmYVn9uifRFHRUQyDFTqVaVgyigWfw5HGVYbrSiDDfzSWG -1 bin/epoch
1643483215 QmZdtXiJT7M6QRPEDZTrTPbAv14d3FWw2zkeWTS9hjuioR -1 bin/erom
1643483215 QmRpyVBgFoGq8Eprk3541ubzBcR3mf1v716NnafQazWA2s -1 bin/excerpt.pl
1643483215 QmNh6Fj7uA4ggcmiK8hrs2SkS5d9ag46Bfs1fHwyqb1yU7 -1 bin/extlink.pl
1643483215 QmTtucirXD6T77ehJ38fKoiSsQJbzBrD4q9uZZvxodcweG -1 bin/eyml
1643483215 QmbFMke1KXqnYyBBWxB74N4c5SBnJMVAiMNRcGu6x1AwQH -1 bin/few.lof
1643483216 QmbPTJCkUbRb25h9DUJQrqgMBXR5oPkcZcamnPMdgdFw19 -1 bin/ffsession
1643483216 QmcRfcPmYsHwzjE9gkG4XTUJ5coTCZ6J95JyVKHP3L54PC -1 bin/file-removed.md
1643483216 QmPTVcZmerh35yRcYveJW7JNPPxwNihFgmxXS7MJUMchWp -1 bin/file.sh
1643483216 QmRCNHHtr68zc3ovLkYZNYSB1UiqLtrkjiEbPvAzTuWrsC -1 bin/filesroot.sh
1643483217 QmbyvGCn7EXFpGpfUmJ4qwQ3Thu3W4PeKb45jcE5s4jdqw -1 bin/findlog.sh
1643483217 QmQW57NQKfRFysbLcdSznYx1iWEnU9MszVmS62aBcBDNoC -1 bin/fixaccess.sh
1643483217 QmYezBmuHtui2ensD9ohRfLePqegfTJ6pd7G9vMAeSxpnn -1 bin/fixext.sh
1643483217 QmVyeNavqKo1pr3TCpvt45hfgrgng5ySshNwedcJJk4zcY -1 bin/flaten.pl
1643483217 QmPBzCQFBxwgeiKmyEUE1CvJH3agjp8JnGydEkQP7ApX84 -1 bin/fname
1643483218 QmXuW952jKHesX7antUVmVPSBLvcdxHY9n14a5dox3BuYQ -1 bin/forbid
1643483218 QmcJxmn9hwgxgDjArNgFiBmMH3fYtyKm8h975DKwKNZ14h -1 bin/foreach
1643483218 QmVktRtmzynq6kR7b3YyVTHrUJyzhmas72nu5o6hpDZe5m -1 bin/fori
1643483218 QmQJvcza7mExa96gdUGpZW3yhwwBx388ExPc2hgN1Zhgin -1 bin/fullname.pl
1643483218 QmYnc7CuJc1MLdpHSjEb38UPCeE2FFrKnYJNrXggoGLYA6 -1 bin/fullname_v0.25-haxaf.pl
1643483219 QmVA9jeogLGsQU95puV6SjXnsQkkWVgiDt6P2mzf7DKU84 -1 bin/gacp
1643483219 QmRyKkKiYn13vWAaYa6gRuLtJGtaevPqG3udfhafQMDaWd -1 bin/gemf
1643483219 QmXt6xwjn8w3UiU45UFmaWtiS9AD7x6vDXfnEDLwQ8uxve -1 bin/genpass.pl
1643483219 QmdcNWotLhXSfAsKZBSnjepxSfgYaswcFTRDZjUcgLuLRs -1 bin/get_gitbook.sh
1643483219 QmTTLh3vCS9pStCfPzPFQtiuhkKNuR8uVWiCEkhbcakw2p -1 bin/get_jwt.sh
1643483219 QmTeQEcomZ616RN1uCJrq4JX47TjM687agMFdwRQRzfTSR -1 bin/get_pass.sh
1643483220 QmYc7nUFBYd8isqjyPReyjNj2fnDDXd99U3PKUkbFpnWN8 -1 bin/getads.sh
1643483220 QmUYsyhA6QfkFvskhFY3Tjpkr4ibUzJSxPBGWj8G7A2dJ9 -1 bin/getip
1643483220 QmWvH33BN7sfXdPmcFn35iZMsXA8HPE8A8ibqNSkJ54KzL -1 bin/getnetrc.pl
1643483220 QmZcwPidQhknnFJagLJXmU823ei9E9VYYvMyyEGNkuyD5U -1 bin/getqmlist.sh
1643483220 QmQcjAsRvbMnFmwSutG4787DSMWbQjRPt4QKtpJH7rrZeT -1 bin/getsecrets
1643483220 QmRHtKH4M3JCbxrPdXGFQS4LAESbqzprW6pK26wwUCdyPv -1 bin/getsvg.sh
1643483221 QmQ1Y4EQSV1Mwa6Vm9QNr91xxb6kDnwgmck88YymePCcsg -1 bin/getyt.sh
1643483221 QmXrUThDo4q4349ipvarkgayob8g2vAsNwpaThrShhcS5p -1 bin/git-all-version-of.sh
1643483221 QmNXNUpqNu4HZsDdHuXfRxcE49bzPjUKkmab62j4frkTtv -1 bin/git-describe
1643483221 Qme5qHJNAAn1cXfhMXNsUBBufMZzERw3xithAwPWtSfPTY -1 bin/git-describe~1
1643483221 QmPkvU8B8LpLkeFMU2bKaiYtvAVuKQTY7E4R2t9pZFUHqX -1 bin/git-forget-blob.sh
1643483222 QmT4sxKXWhAfteGPkBbHgUT74q8LnZdYmMopnfSy5GZqXa -1 bin/git-info.sh
1643483222 QmS6rGaAavSvSeGXuHUwy8tBRtn8TN4afKuDgcnPJLhyRd -1 bin/git-init
1643483222 Qmb2Mvdt1wRxkNXo3tQd5BmhuhZufBUBfKvjnSm3NaGV2V -1 bin/git2qm
1643483222 QmVidKkYgzfA3ugNvBHsDZaidP9dRP27mMpRiQKGKELVnZ -1 bin/gitdirs
1643483222 QmfPiHt7zv7UUoYyD5j8r3pMed9FqXob9voiQGdL4z8oLu -1 bin/gitid.pl
1643483223 QmPsRgTLKyxPc7wC6MbFefk5agECHc7mzVm4dUVde33k1G -1 bin/gitpow.sh
1643483223 QmQN7hgu9LeWXCHhLmSEAbbBATujYtKXy8T6nTpXG2bz1P -1 bin/gittrail.sh
1643483223 QmdGDT2FaW2UNodAQdifcsRou51HoL2ZgsCK9jwSEtfjN1 -1 bin/gituser_v0.40-zyted.sh
1643483223 QmYrjQEfLkQTxgocYQ6Vm5WKRuXs99ADj4SomuxoRbmW8B -1 bin/gm
1643483223 QmfFgiN6J1i4GvSTWF5cgTXNFAV3eJ3xAYNikbhvWw696k -1 bin/graphia
1643483223 QmNZcWLMYqzutKxQUjderx6DbnEAt4HSCheoUecenowEWN -1 bin/gviz.sh
1643483224 QmXUvu9QH3r9UeZxkmYxS4mkg5r22RS2TTqz9Y7DM1DKUu -1 bin/gwport.pl
1643483224 QmQQdMmBkB1y8NQzqAhyU6NRbKBLs2rDK8H4FdirCokUbt -1 bin/hip6.pl
1643483224 QmTaYZRB6DVTJfC1SeYwGPGX1A1TEXm5HELreL4wAcjNm7 -1 bin/holo
1643483224 QmYP7Y6hydUMyeixHKBQPvHQ2LevA5vmTPikf5N4DSsaqs -1 bin/holo-git
1643483225 QmeEU8eFCduvhq7vgE5s5Cs8Vd42H3PNZ4voyYCqoiDEcG -1 bin/holo-git-push
1643483225 QmWBcPSzakJNKXVbhPMpFKJNHxzFH3C4w9Mak2YCyvXffy -1 bin/holo-git.html
1643483225 QmQKp2SNgTLrYX2bNKYdsJzoCwvyFk4bzzSLmVNwuREp6a -1 bin/holomap
1643483225 QmNiGUhYHKarKgrCxR14uG7VAGsXKeJ8ZN2UhbKCd6uKEZ -1 bin/hostname.pl
1643483225 QmSwMJWgaLnYCGx2AVdmy3axbJtrJhAPD8vpPL7sQRvYdS -1 bin/hourly.sh
1643483225 QmQVCo13YHLFtQb7y6vNLQmydo1huiC5KfYV2DrUmD5DYg -1 bin/httpd.sh
1643483225 QmZhHD7JKZehPVDUowhzkM8JKUmeZG1838swB6cn8dixw4 -1 bin/idx2ipfs.pl
1643483226 QmNXA6UbkTGa4cTb2ejtECDuaN2sePJcV5rkF4hDtkzqUJ -1 bin/idx2ipfs.sh
1643483226 QmNPM7okQLqPew4mCnmWYrpSaU3hDA4bUXjymTRrCDXaPC -1 bin/ifchanged
1643483226 QmR35vJB3ySKkf1KDVpWAaG4SRJ8J78tA9k7VtvzuZUF4X -1 bin/img2jpng.sh
1643483226 QmRnNfNdmqtPGTLuWANW26XkTS3FC9h86c6JEoW7xi95pE -1 bin/init.pl
1643483226 QmeuQSWceXitjQYgoTuYtLwQEWH5i7KasDNUvD79nZRZ9x -1 bin/insecure.txt
1643483226 QmTDQCfDfZ6hdQhwG4RqYDssT4Z6hP6S8fGXGmAVK4bKH3 -1 bin/ipfs-add
1643483227 QmaiUEDSP89g9YyKVHKX1t3S23uisFprhK6ZpFqkyn1UbR -1 bin/ipfs-help
1643483227 QmXyHXbL51wnM63zPRtzBzi12TaX6ouifKiRmAnDry8NSZ -1 bin/ipfsrm
1643483227 QmYfYQ22GFUiAf6M9su69zCVnK7N97gqW4ZSnjA4JgLffi -1 bin/ipgc
1643483227 QmeeHurnyqcTKcAbU9YXSTnYzqhh27nFTFYeZf9oH28bUU -1 bin/ipkey
1643483227 QmSYNDaujXbLcWdspzc5hJ9fnnxaCUVVrvnm1ojM9HzaFr -1 bin/ipmove.sh
1643483228 QmSwhDKzM1qMfkNDt6XCoaEUJicH2EEYH4zDTCAwgnfwHd -1 bin/ipms
1643483228 QmceRMZ3VcAqxwSC9EYG61dRPh3rQxatTtQkNQyqDa6NGL -1 bin/ipns-update.sh
1643483228 QmZmiHwamFzuZZawmmoSnyHQKSENvcFPMJQybzDKfsrBSK -1 bin/iports
1643483228 QmSZTUDh33oMXYucS7E3Xzef75PDrG3zQ1sXqorXCMDEmN -1 bin/ipstate.sh
1643483228 QmXxdUMABLSKYsBv5mhuE7CibLRnM3sSvXw3BNBjeBTpSR -1 bin/irand.sh
1643483228 QmWdijb5Tpom2zva2hdZfkFvxQmygn8S5WzWzbi2KVAus1 -1 bin/is
1643483228 QmfTAZo65wCj9zpS6yGPAmE18eUjsoFgSDhw9MKqMVoeHT -1 bin/isdir.pl
1643483229 QmZKEKcUFzF7Kijat8kv5sV45PBHcNwgbvVGJ9ZmbQuX3W -1 bin/isfile.pl
1643483229 QmQSrnHSGgedwL9dMCQRGLJPtD79i9SoJscjUSR78uujdg -1 bin/isup
1643483229 QmQp2fvc1ujQKkxRduSa5iLBQ6Ff4ffYib77eo3LhvCWEW -1 bin/key_name.pl
1643483229 QmSj9FuNW17WyauKSAWWkn8TRsC8fVy3fiLEY3RCgFgZnP -1 bin/keystrength.pl
1643483229 QmPp8qwFK2tTAuBbSHCw32wfdKFjSZ9aQTRn6rqxk7wJBP -1 bin/kinuser
1643483229 QmYyeCgyRrimn7bdBRc19SWHNWxQmig7Sq912ne66Y3CoX -1 bin/kmu
1643483230 QmRF1cKvGzWQMfeQMJUeozfTPT6Ge2HEB8EButo8q7dF3h -1 bin/label
1643483230 QmVLmA9E2Bu6RdCV7LisqtAoCGeii99RY4pTaJ4jDM73Tp -1 bin/last_created
1643483230 QmQrbCfGv1k8NQzx2uQefBiRLzZbkXktYnJFFbWkWByDM9 -1 bin/lastss
1643483230 QmbAk1SiRDSVMFpbSSQWsa2g5qTvbUtWt3fdmczim43DSL -1 bin/local.key.asc
1643483230 QmQ9cbPdf7ptQXn4cHm4m4tAgaq2BqxcXT4MZZ6G4dZ7Ug -1 bin/localip.pl
1643483230 QmRBfUG7AVGHGDPNdVL8j7ipioacQsVaynNi1GjZNgTE63 -1 bin/locallink.pl
1643483231 QmZanE92C3Rk5vjhe6aDwwa4BDEDYgwYYG37RooYXRr5Vp -1 bin/lock.pl
1643483231 QmYyMwETdoB4CVr677KNXB77Hmt5dVD7KY3Eye7XQZwFtA -1 bin/log2m3u.sh
1643483231 QmbFMke1KXqnYyBBWxB74N4c5SBnJMVAiMNRcGu6x1AwQH -1 bin/loglog.sh~1
1643483231 QmS4dedD5C8tZ7ZF5SMb3BYH7U7o47r7aH87f3SpTh5iYR -1 bin/loglogs.sh
1643483231 QmXdKriPkXsamVMCvK5Bvwy6uL6uUPe6UwbDnWCzs4AKnQ -1 bin/loglogs.sh~1
1643483231 QmaqB7DNK42pkKJXAF1uicFifYx15Ygw5rRuhY8oETCNBV -1 bin/magnify.sh
1643483232 QmP2CA8tcs6usN1B5Mx4igW7VrPk8vgQxTqNUjb12aLyzC -1 bin/makeitsmall.sh
1643483232 QmNd8sSaZLxhW37vcU3dQLxzqeApM9Q6UzMtAoTuh5mfEV -1 bin/mbase
1643483232 QmSQZQmznipYXJuQ94tseDFQqQTXUHwTxfkCPmwmnbB8oM -1 bin/mbase.pl
1643483232 QmPXmAUEnGRSxYYcjHN2NWDxLu9dJpkswT2z4C9UGyruLd -1 bin/md2ht
1643483232 QmQQ5T4EEiz42yfyqbARCJHPX5RFvrffJUkm3drQiAXygk -1 bin/mdrender
1643483232 QmPVmwC9p4kftRuPdAXpTu9Cu9G7vHt4JyqY8fdfJjY2hP -1 bin/mhash
1643483233 QmTdBv5MgKkfaZbGcedHwqm34Cd2Lw6xhWGTMTmCgBb7ku -1 bin/mkdir.pl
1643483233 Qmb6kDFT55i5A9FV9ara4X59Yvh9uxvYehRWv6ku5g7U7E -1 bin/mkgal.sh
1643483233 QmS1YMUS4G1wgErshg3ZF3i8xPMwPZppMaaKJNr1D1fXXH -1 bin/mkhashes
1643483233 QmehTYBDZfviJz9cNzkUu6u67Acu4b3Tqu7o13Quyaagno -1 bin/mktoken
1643483233 QmSLbzoEKyDYWSBJRPJHbGCXvvWWzbWfavnnsJE1EhsDLf -1 bin/morning.sh
1643483234 Qma84wNbAenka1uMDhcgZDEUt8kvj7voN72Dc6pNenDyZ7 -1 bin/moustache.pl
1643483234 QmUohryy8MQGDW3c8s9kzKZGMkxisoSkxv4WGTxCwoNhYY -1 bin/moved/gcpush
1643483234 QmRfe4C4piResggo5SmmmvMApizYfBU73WAYbfCJk6QRjT -1 bin/moved/gitid
1643483234 QmV4K7zT8Kam4Uu1ZCxz1phW9TTPUJteSjbheNLEoajHdf -1 bin/moved/sitetag
1643483234 Qmd2Ee1tyRphMBy61WFeMy9VhxaXEcsLbXuT2V4tMc7kL3 -1 bin/moved/version
1643483235 QmRY1Bpu6UKDTRFV3pnH2otqybVnVcqUF5iZFgStVTyrRi -1 bin/moved/wrapid
1643483235 QmRXeB9u51hvDcoz293oLfeXg9rRUi9z4iyzsb5vkFdiPs -1 bin/mvcont.sh
1643483235 QmPTiZLYUfRby3N1kya5LDfu9VqahxeuyiXsnu9rTpy52L -1 bin/myscript.sh
1643483235 QmQT9SZBAVCRUiyCucJYmzQbxzGf9QU6cWu3M3AyuvzpF1 -1 bin/nameit.sh
1643483236 QmYx3kP3CbE9JqkDTuTTvXUk3vEfJb6zjTEcctx1rqRD38 -1 bin/nextr
1643483236 QmZNrM2eUotDxsXbLJEgN69XtwFAYHNd3wiYkqtAWahpX1 -1 bin/nfgit.sh
1643483236 QmZNrM2eUotDxsXbLJEgN69XtwFAYHNd3wiYkqtAWahpX1 -1 bin/nftfy
1643483236 Qmcn2mHzV76kbwnKaUERynNbsSDL1X9gXLwETQt5gxN9bH -1 bin/nftpin
1643483237 QmbVtijhqeEvtxsBYW8Sz1suVSMn2duSHoVy1S7p6JhLJN -1 bin/nimg.pl
1643483237 QmeWY7pjb6EcigKEgmWXSv1cLhWRBpH9KMAvHHqYojeY2K -1 bin/nolog
1643483237 QmSzY57Nc5hPw5d4Zd5K7arfpQYD5rzxf7R6sJKYxmCmWn -1 bin/note
1643483237 QmVmHFPimcVNt8Ahu1dPMQNYaRTf7BK98Bmmaq9GHG7vvC -1 bin/obj2token.sh
1643483237 QmWJfMXoQGCfGRFr3wXQ921yQBuGsUx9V7puJckEjBLcaC -1 bin/oneview
1643483238 QmeUo3YybBukn1vP8i7X9FEMZwU2V49NpYXLY54LBaqsUe -1 bin/pan
1643483238 QmcrCLzkQR33vZN8sadp1Wv2eswCmcj5ZTgUn75TC1tiSB -1 bin/panpandoc
1643483238 QmX8ckd7u6faZZnxjCAKckai4TrKfmmYo2sd6bdXiKhftX -1 bin/pdflatex.sh
1643483238 QmXRMePDedYPYjod5z5HWEt2e8JYxKj7PT5M3aur2VgtMH -1 bin/peed
1643483239 QmP1zxPMhmyFARKdk66ncbdemnriVvXcQY2iPis1TQHmfL -1 bin/peerid
1643483239 QmZVejFpgyK1zwEdY9YoQo16zTfKobHFpnVURqEpSFFGqt -1 bin/perlinstall.sh
1643483239 QmYKRdW1ikPvy5RFbDi29oMidAPVVyikb1iL689oE3r5vf -1 bin/phtm.cfg
1643483239 QmSQR6841wqDjqYFW46tUGA5sSmNqzshvzFUZbgBLrLL7p -1 bin/phtm.pl
1643483239 QmYChBHRafWJNYX3aLbtaLR15tx9vQhr9CKdVD83A69umC -1 bin/pickone.sh
1643483240 QmTzxqFfG4oSxsAuLLuBGegnyhHZm5SuL3kwVELxGczcBZ -1 bin/pin
1643483240 QmYCEsJdXGLJNZqCyGzRRXJHq9dRKQ7yoDeDZvn8D3XSxx -1 bin/pina
1643483240 QmSqysQgBLB9yfkXHrFUkvD33qnoqS89FWPKprC1S6jV7H -1 bin/pina.log
1643483240 QmZPv2uXqUEkRv7cziJdLZx4X27qvUifZaaX7cY3ZjNzqx -1 bin/pingnata.sh
1643483240 QmdxFHbYLygcM65q2hyd6p1tUVq6pQBvnty2dskurVU6F8 -1 bin/plog
1643483240 QmQ4BzQ8ZDUKuDqBVcwcHv3KihaMpdbtquAwiKoJXF4Hpt -1 bin/preimage.pl
1643483240 QmexQQM2zx6XJXYa9WATwXLqZSYhLDG7b623zVTf6Qikm2 -1 bin/print.sh
1643483241 QmZa1k4hrfTcgzif9s1AFsVX4p9WE6xdy7ziGkKA81i5FQ -1 bin/proof
1643483241 QmTaKU4kpWteHi162DAmmTDG4V3naRaAkyVBYQsvTv8Nyg -1 bin/pruneit.pl
1643483241 QmYGNYTkF4WBRTMZEmAM9n9sW5uKRkEYR5sVFCDXjA7Em9 -1 bin/prunerepo.pl
1643483241 QmXKLDe3uHe2snfgc1UXL36fbarvneJSsDZecHqzb7KhPq -1 bin/publicip.pl
1643483241 QmT7CW6qXE87mPp1WaqgrdkLXs972WivroKxYsGvYHK8v3 -1 bin/publish.sh
1643483241 QmcaHTbebfmP1Lb6oGFT4odXJVqeig6rTSpt6LiBd42YAZ -1 bin/publishmd.sh
1643483242 QmURBARM535HiSgkoQc72vD1wzrFLYVTXEzejxzYmK68Qw -1 bin/pwiki
1643483242 Qmduj1AekUpJn4Tfb8hQmqQwDmyb2XpMzxKoyBL5ABp8E8 -1 bin/qclock.sh
1643483242 QmSMiA7A1DwBQKpo5iBHpFrnC5pTxTnbKB9tFbRKpxdyuS -1 bin/qm
1643483242 QmUcPmcPMwEbvbjw9Ggja6N8up5kDpJMuWC3WxuvS3i6BC -1 bin/qm.log
1643483242 QmPvH2N4CnhDmxasNhiqReVpMEZYd78m6ezoCbuesvANWa -1 bin/qmclock.sh
1643483243 QmSkzBFcHP4rw8CfQB2QTGmKYb5WHXFMSCyncNNKm4BvK5 -1 bin/qmeta.pl
1643483243 QmTtiQVELTaB2mZksZDqwr2zdJqV5JPYBJvGYxCyKoWdMV -1 bin/qminfo
1643483243 QmYEnrUVfM8zG6nRFfLxVMptDrJsPYWnPMD39GB2W3RKgp -1 bin/qmlabel
1643483243 QmaM7XVLRLT8jTZXoMGvd9hSguJj1C2XmLQCobZnMdMNXN -1 bin/qmlabel.hex
1643483243 QmWcHW11Vvacj4xPTCSwtQfuSdZue5AwYkshkH8mNmBEzD -1 bin/qmlog
1643483243 Qmaq1kQYr231iBri1UC1N9N8ACpiXhPGFDJQ7ii1YoMHZw -1 bin/qmnft-64x.png
1643483243 QmNcJZ1wPGkj1Y9yyRqcypcrbN3iciZtR8GznSBWEM25BM -1 bin/qmnft.blob
1643483244 QmSH7v8M945WC6A6miG8qoswBj2K7esBVy3nYncdFkf2f5 -1 bin/qmnft.png
1643483244 QmQ7GGmQxSN9eVD91Dn4FdiHDhd1bUm5K57JnrMq7dJSNx -1 bin/qmnft.png.ots
1643483244 QmPdQ4oiS8vDfUc1ATny4WyeBbVNgbYg7aUKN8bvzDdSMG -1 bin/qmnft.png.pending
1643483244 QmWSHbrZsSsPRj84kbdD5ptfsqNtPwcukzFYV992WJx8kk -1 bin/qmnft.png.pending.ots
1643483244 Qma7Wb8UjeXMYZ9kg9VCeH6v5kzsf7pE7BKh9cVewmavtz -1 bin/qmnft.sh
1643483244 QmZ9TJyPxNjagWFDXqE73maxuviHCicpm15uHmcoaSX3Jy -1 bin/qmots.sh
1643483244 QmfVU9GaBmmjBd5jXcPCiLPqFW6Kw3uqAuZUajfPFrFzo9 -1 bin/qmpost
1643483245 QmPz8e4NHwSES4L7DTxVx1LyQ7n3DTXdEJQJ3JCK1Yux1R -1 bin/qmremove
1643483245 QmfSoWZ5PwU8oJtQPPD163EWpYhnYUrCH83H8ZZH52Mfw6 -1 bin/qmstamp.sh
1643483245 QmbFMke1KXqnYyBBWxB74N4c5SBnJMVAiMNRcGu6x1AwQH -1 bin/qmstamp.sh~1
1643483245 QmbxRDdhvyvgsq8sfnLuRuxoQHUrKXcPwVtAg4ozTefG6C -1 bin/qmwrap
1643483245 QmVD7HnWkLk3fV1tDBZbs7h9hoBpKJdqjCdY6SUbGR3ghQ -1 bin/qr.sh
1643483245 QmbTvoxAHuqC6HX18x7fNdkvHpxe8crdvokSXo5nTVdG8p -1 bin/reduce.sh
1643483246 QmYTaHq8THRMn9P6mgM8d1CLAZFZE7MLSi6goVMgrhETNx -1 bin/ref.pl
1643483246 QmfWESwcGeatCeZJRuoBnVwJkCp3GmNyGF3uM3nN5rYXXg -1 bin/refs
1643483246 QmTLYfuz3pUzCqgYB5WqvwXcCvBnopjycf6s4v3Sd4iXL2 -1 bin/rename
1643483246 QmZn1oRK6Smwk8C8McVEv9MCzBQYn6GFZpT2QtXRYxe5ff -1 bin/rename_article.pl
1643483246 QmbYYTwDfYmuNrJrt3Wcw1f8c7qoBMbU9FUF6TtanzrWsE -1 bin/rename_last
1643483246 QmVpMqPW58bL1VgsGctynXwwfdhcnEK9sL5hzbWe1VQbYh -1 bin/renewable.sh
1643483247 QmVff4tHCPc3TRb2QXmgrzjyzsywGmocEh6qiapEv5hKwm -1 bin/rm_emptydir.pl
1643483247 QmXGby1EYCnnvYsrHLgdAEM9SGPgAUiPr5ypFATQE5oxiD -1 bin/rmforbid
1643483247 QmUgPgDvm86RuswaT8zbmwtMpEnoNHAGQqaCvW8opBSfkv -1 bin/rmqm.sh
1643483247 QmWdA9NdtWAG51jbZg1zwssyF4vvdGKEKXWPQ6LXbj6Ca9 -1 bin/rm~
1643483247 QmV1N8YAMQnbdNA3xjt7wFw28S4pdyFB49nU5mxgkZuqs5 -1 bin/rp.sh
1643483247 QmXmRUTbUzBgyBmzjACg5xdZGRrjQTzt4BwyaTp98pjCQj -1 bin/rume
1643483247 Qmbw6T5DWFVSc2tSEDYzQgFdeApmZiKJZ9qCNUiNwhQKz6 -1 bin/sample.pl
1643483248 QmaNegtoLfdUvWMfEn2S8AEp66i3Ubx2tjoWAjbxAxKWBe -1 bin/sbys
1643483248 QmSRRXvqAkfmppERWnNYJFUWVqrZ4e342pxMNunfJziMue -1 bin/sbyt
1643483248 QmQMLT9WS15iHhaT6VDz9DK698ZrmW6kPSGAZQSbdYbJgt -1 bin/scan.dot
1643483248 QmcYR9Pp9mC6Kvg2ayd1R5XxpCKYrETdPRUbyZzEMuDdT9 -1 bin/scan.pl
1643483258 QmWHxrdSYhhFchDuNjG1AP5eKnNkyJC3kR8L5WTsCmerwK -1 bin/scan.png
1643483258 QmTWctK7Lpo7FRJUTktsKNbQgzyCuotmsW67M8eGG5RhqQ -1 bin/scan.yml
1643483258 QmdqH15N7DWfj6Hq89hNDBFxzWDVvXdaP5A6cPGTWXunRE -1 bin/sched
1643483258 QmZ7tM1GkjG8Ufd27quhAvm3HduiLLBro1eMQgQufR76vx -1 bin/script1.sh
1643483258 QmcLEvqnYtZBF21845vgbkdU4QUs1cACXKL1kMJJY1N6Sc -1 bin/secdir
1643483259 QmXikKQdTFxJjtdPdkMLRoLpTdAA22uVi411ChqZGku483 -1 bin/share
1643483259 QmTdDZ7BtVPbPgoGwttvhLwRoUCh2Pd2DRUV3C2as2JZLt -1 bin/sieve.pl
1643483259 QmXV4egAYuYXWdSWz1XMRzL9RAh4PWLLQ8dUpfBpFhvefr -1 bin/since.pl
1643483259 QmSVWJgvuBBZzRUy2xndzs7eR3UsPZevncPAuAPQk8dqBn -1 bin/site
1643483259 QmV4Qb2qK1B7aV64bmYFFR3wVSKUQYuiBL2yFTkHznAqqm -1 bin/sk224
1643483259 QmR3xrxkaMfLGjg1TC13SBGFxzqoAByia2Q7tEzNVCDvEP -1 bin/snop
1643483260 QmZHi9xFJ7hnfNsNYumgcVWLpDErS1PzeLtymWifwng5T7 -1 bin/soppasswd.pl
1643483260 QmfUWFWA3qrc84tzKTpFjkyn89dwJEjhq5o3KnhP51sTn4 -1 bin/spot
1643483260 QmR8yhQNBHUTgZMkCLJT4q4Ve5vuZ3wVyz77LseuQGa1Bi -1 bin/spot.pl
1643483260 QmQKC6ydaNZ7KfWWeA2h9DYbJV3BE2Dtqdhq4shKpFTkTd -1 bin/stamp.pl
1643483261 QmbrzHAdJHhTVdDYWZidMTL6mnW4KUs8cQ2sst4KrCfYJC -1 bin/stamped.pl
1643483261 QmVvNU42ZgsPXQZW1vjNu6yY5aqbzNVF6pf3E4YiBWLK3X -1 bin/stampfile.sh
1643483261 QmSnMLqKMnaowzsQzmRBjLESwN9HfMXHbGAFm9SwYBTXXj -1 bin/start
1643483261 QmbGnf76tEmNVrzPLYBQwGCPzYe2zPBCbe4g7b7qo9eqVT -1 bin/statx
1643483261 QmSnMLqKMnaowzsQzmRBjLESwN9HfMXHbGAFm9SwYBTXXj -1 bin/stop
1643483261 QmPDQUS61jQEALQPpJRkS3MydXzVdXMiyZXMMT12QpprMP -1 bin/substi.pl
1643483261 QmXtWSJ2jturryASGDUTCc7opb6qUSB6QnjpYdXHCkhkZo -1 bin/sunping.sh
1643483262 QmcxT24PshpBH6ZQtR6AqCmWHuKSNy4SpKWBiNevEiHJw8 -1 bin/svg2ink.sh
1643483262 QmadNu1vM8vwdq8ktniZRwtpPrVoAtRMypp5YG7SYHV7ng -1 bin/symb
1643483262 QmTtpsphWSrbFa3vUpavm4CnGwNDRGqE7aYpLTUUafAS3B -1 bin/t33
1643483262 QmePSuu9iVu3nLaP24oxvuYMYfuW7hFm8L6BdtKyoSLj2M -1 bin/timelog.json
1643483263 QmeKySKz5f65daiVPA5RUQpt6qPZx2cJVTSyLdPX4hKJmH -1 bin/timeround.pl
1643483263 QmbykmrXfuX37Dc4dogJ7K1VcL4RLDLtcNHbhNKRgbeoSN -1 bin/timetravel
1643483263 QmbFMke1KXqnYyBBWxB74N4c5SBnJMVAiMNRcGu6x1AwQH -1 bin/timetravel~1
1643483263 QmVWsXC2E7VsKWJXXGthvFPpGAuQFRYknAXeXukHLAkz6U -1 bin/today
1643483263 QmXi2WJmktu8eZ5eSZynzM63fCtLr58bFDidp5nULxMbt4 -1 bin/toidx.pl
1643483264 QmZfqQtEUBSV3HRSC7YPph6WnJ3ChC1s3SgRcubbcDmsu4 -1 bin/tolower
1643483264 QmbmFzJFPzb3EDMPw1XM3AVen9a4NuoxCYM8RfYCXeFyDj -1 bin/tomatoes.sh
1643483264 Qmbf1NU2QDXHWT5rBuq2cXMvUBhVAxHtMY3T6rAeo95uLg -1 bin/track.sh
1643483264 QmWSbYX9EMz8CosrSRkKhXZWfir3W7b73kPprVrY5Cw7UC -1 bin/track.sh~1
1643483265 QmVWQL7KUdbW8h5M9ytkDuKZuLLVmFubqznwBrXJujiNzM -1 bin/tree.yml
1643483265 QmPV3svCisTmrVjQRGWcxL417CzZckVJCAb7joFYXjHfZS -1 bin/tstamp.sh
1643483265 QmZ7sDmeFzJR129qbBRU2wUzSXGigfikQrt4anuumTKztP -1 bin/tuv.pl
1643483266 QmQJxexCSHfH1gRNtHYPTNvzu1f3ULJADh8q5gi4gA774N -1 bin/ubase64
1643483266 QmcqvUEgxbQPUraeswGF9b8pXZQZmjGU5ukbQpRmurYwq2 -1 bin/uninstall_perl_moduled.pl
1643483266 QmRrC3eUNLZp7PoMYvJB3SYN7aX1AY9P97vsagzBNv1h4h -1 bin/upload
1643483267 QmQneoY3NRM3wJGsZ2NdymhbubEHzVHqe32tGgG5kv2mss -1 bin/urlenc
1643483267 QmPyV1SUtdmYNfigVxWPqJzpyBhjKNN6dU6NdyGaxiNNYL -1 bin/urlgrep.pl
1643483267 QmdEgKPdwf2UekqQP9GLTZCnYT3U7sWDSEe2wgueqQrYa8 -1 bin/useen.sh
1643483267 QmTrwB2Rb1AtFF3F17jjJfhcR5PjLykMVFBqc6LHRro3FE -1 bin/vani36-2668.log
1643483268 QmZP4WtE5TiGSQVCmFM7WaNr8DFTQePiAy4biyuJ8q26YG -1 bin/vani36.pl
1643483268 QmSDcWo3jyEHc6K2qu4nfV87LyhQ2LFNjXLbyp4zVouFGh -1 bin/vanilet.pl
1643483268 QmRtmK4eZLGjRPkgT5NusHoCHNMPtxYvqroSWR5Gdp6BX7 -1 bin/version_v0.11-hyzod.pl
1643483269 QmTAof7FbtMQ3QcKzvN9K6UQRy5hnM8PCsEPa7oj6wFcnw -1 bin/vid-reduce.sh
1643483269 QmSgQ7x9o8Sbu4RNU7qKQ6egKoEcnZrXKAZeLHmgnYJS2h -1 bin/viewi
1643483269 QmT33xaKMJiepPVWKFw2sJX6FNKtw9fcH4Z64Bmjj412aJ -1 bin/viewyt.sh
1643483269 QmPG8anpTuk8CjSjKDQhTahMuVCpXqWKuH145Wpytu72qR -1 bin/viw
1643483269 QmcV3sxx6gj99E4CSGwdrYmWJTCdSPjc3HsBH5ngd6sqHr -1 bin/waitfor
1643483269 QmTMaAa4sX5d8inTWEzJKb1EFTDSTmiFgnX2A7py5eEVz9 -1 bin/wake
1643483270 QmQ49w7GmxxazAWv2Nsix52k8mKhzkZiLHznACa4s5dcfh -1 bin/wawoi.sh
1643483270 QmWXibiNatiEXqNkBsdAT6q1Kw1UKnyv7DKQB4BCAiEUnA -1 bin/webp2jpg.sh
1643483270 QmWRwACpcbavD4wrLGw5dw9H4SnkezSw4Ajbccu3d6kkTE -1 bin/webp2png.sh
1643483270 QmUvJZGwEkztFLdzuEjfjpToG21cUmb6vP2shu3YZTbivD -1 bin/webpush.sh
1643483270 QmTZmWjkquF4gGugHCAqqKEjS9FaJkKFqddthhoyBuii7M -1 bin/webup.sh
1643483271 QmNrLpRhk7M2ERt1zRYyBdw3EQTFPoyKWAR9GhbNkiemQn -1 bin/wget.sh
1643483271 QmXYuDQHbrLmpxMZcQCCGYDkSRizQ4EWiraYfuvXibSkX1 -1 bin/what
1643483271 QmNdoeDqVET9GeSXKwT5tE6GDzByGN8pskfgDycmL81jKi -1 bin/whoami.sh
1643483271 QmQi15PiTymkW9pTykQKFnHaeCJ13Fef3GbuPuD2xVgni7 -1 bin/whois.sh
1643483271 QmZ6daiwF11SWM29sXrH7DYZwTcFjv6qrfwFb9qUeRo1r3 -1 bin/wikiresolve.pl
1643483272 QmUTPeUDMrWrwvPnTBGHhSBRBn8yS1gjrqndb3KGVWA2aS -1 bin/words.pl
1643483272 QmSxJynZbtaPvZca4GkHMDHPzK2ah5EoHmMZtLCDxYcqF1 -1 bin/wrapit.sh
1643483272 QmURM8fqPjcGFfSXwLXsCuntkYgo8dQjttp5CjzzFQ5pET -1 bin/xcolor
1643483273 QmPb2yqemzFK2Utj5wqrNo6woDWh7hCF8kEqv9gHTzEu7r -1 bin/xdg
1643483273 QmYLsYeQYjN2farcZyuCyGY7Kre5oTatseKuFoS6sGd2u6 -1 bin/xdg-open
1643483273 QmUEDuqfDBZy8VFstDxK66dL5TJ5Kg41ZEJuWgedd3pp8Z -1 bin/xjson
1643483273 QmUVVyyuufU1MNZa3KGvMgeYf5ByMUSSnzjdFe7DRKvGFC -1 bin/xmark
1643483273 QmTHNcGzmzC6eG8LAbTsAYNvcwSKySrSqTeKDKmZH1njA7 -1 bin/xml2json.pl
1643483274 QmXh1gBMpVkqpiKv89PwpEWWedhpeWyPBj25KNfeydTyxz -1 bin/xrand.sh
1643483274 QmUT2jsqqChWqJ414253pKR32bLiqK59gtyyrMpaYGqmis -1 bin/xw
1643483274 QmQ5G2KZ5RExMtWavQLW2dneKJHnpXmnr4S1tE3tVUG7w2 -1 bin/xyml
1643483274 QmWANBEWET2kiCuZhtnC33Pg8wYm97tmFduf17csAbRsQA -1 bin/ytadd
1643483275 QmZFATRDYtCTef8jaAzMzMEzzCnmFzyddUEtqGhkpLC7xy -1 bin/_11248
1643483275 QmSNEK6QDhKMa8Y6EtQ7SG7FQCBi45MM2b7ZtC5qTPjVh5 -1 bin/moved
1643483275 QmVvkFcAYasrvHiEbag6eaZKPfpkS817xZaibKta9S4Gr7 -1 bin
1643521640 QmaKSbRQvjLF67i4kMW52WFQhDQhuXXssYmDd7qLmqYWpv 5191 MorningClarity.md
1643527401 QmT4WMdyZNPtqKXxjf6Hgcj59tm7FFHtdr5EZXMcKXHG3B 4691 publish.sh
1643531748 QmUaUPu2WHpUXesnCQyw5p6HFpRZL5o6PJVurbwdH8Yk2A 5038 publish.sh
1643536237 QmPLz4fSc8GDWAZPzfLYamVDKR9x9vfNHG49pEPx3jYZfz 5756 publish.sh
1643539556 QmdJ2XUMVNLkXEqGUxv4mfRo4i8yAnDkqZfWZ33SR7YAaf 5905 publish.sh
1643540796 QmTb1mjDaGqWDvAH6vaUH2rDkbLsdCbmTuewHaDS1M3DSG 5951 publish.sh
